<?xml version="1.0" encoding="utf-8"?><testsuites name="pytest tests"><testsuite name="pytest" errors="0" failures="1" skipped="6" tests="3125" time="89.668" timestamp="2026-06-04T21:01:05.040329+00:00" hostname="0fdbfac85ab2"><testcase classname="tests.format.test_registry.TestRegistryContents" name="test_toon_registered" time="0.126" /><testcase classname="tests.format.test_registry.TestRegistryContents" name="test_json_registered" time="0.000" /><testcase classname="tests.format.test_registry.TestRegistryContents" name="test_table_registered" time="0.000" /><testcase classname="tests.format.test_registry.TestRegistryContents" name="test_entries_are_callables" time="0.000" /><testcase classname="tests.format.test_registry.TestSerialize" name="test_toon_dispatches_to_toon_dump" time="0.000" /><testcase classname="tests.format.test_registry.TestSerialize" name="test_json_dispatches_to_json_dumps" time="0.000" /><testcase classname="tests.format.test_registry.TestSerialize" name="test_table_dispatches_to_table_render" time="0.000" /><testcase classname="tests.format.test_registry.TestSerialize" name="test_default_format_is_toon" time="0.000" /><testcase classname="tests.format.test_registry.TestSerialize" name="test_unknown_format_raises_value_error" time="0.000" /><testcase classname="tests.format.test_registry.TestSerialize" name="test_kwargs_passed_through" time="0.000" /><testcase classname="tests.format.test_registry.TestRegister" name="test_register_adds_a_new_format" time="0.000" /><testcase classname="tests.format.test_registry.TestRegister" name="test_registered_format_is_dispatchable" time="0.000" /><testcase classname="tests.format.test_registry.TestRegister" name="test_register_overwrites_existing" time="0.000" /><testcase classname="tests.format.test_resolve_format.TestAddFormatArgument" name="test_flag_registered_with_choices" time="0.000" /><testcase classname="tests.format.test_resolve_format.TestAddFormatArgument" name="test_default_is_none" time="0.000" /><testcase classname="tests.format.test_resolve_format.TestAddFormatArgument" name="test_rejects_unknown_format" time="0.000" /><testcase classname="tests.format.test_resolve_format.TestResolveFormat" name="test_explicit_flag_wins_on_tty" time="0.000" /><testcase classname="tests.format.test_resolve_format.TestResolveFormat" name="test_explicit_flag_wins_on_pipe" time="0.000" /><testcase classname="tests.format.test_resolve_format.TestResolveFormat" name="test_no_flag_tty_defaults_to_table" time="0.000" /><testcase classname="tests.format.test_resolve_format.TestResolveFormat" name="test_no_flag_pipe_defaults_to_toon" time="0.000" /><testcase classname="tests.format.test_resolve_format.TestResolveFormat" name="test_override_default_tty" time="0.000" /><testcase classname="tests.format.test_resolve_format.TestResolveFormat" name="test_override_default_pipe" time="0.000" /><testcase classname="tests.format.test_resolve_format.TestResolveFormat" name="test_namespace_without_format_attribute_defaults" time="0.000" /><testcase classname="tests.format.test_table.TestEmpty" name="test_empty_rows_no_schema_returns_empty_string" time="0.000" /><testcase classname="tests.format.test_table.TestEmpty" name="test_empty_rows_with_schema_renders_header_box" time="0.000" /><testcase classname="tests.format.test_table.TestSingleRow" name="test_one_row_header_separator_data_three_borders" time="0.000" /><testcase classname="tests.format.test_table.TestSingleRow" name="test_columns_sized_to_widest_cell" time="0.000" /><testcase classname="tests.format.test_table.TestMultipleRows" name="test_two_rows_one_mid_rule" time="0.000" /><testcase classname="tests.format.test_table.TestColumnOrdering" name="test_default_is_first_seen_order" time="0.000" /><testcase classname="tests.format.test_table.TestColumnOrdering" name="test_schema_pins_order" time="0.000" /><testcase classname="tests.format.test_table.TestScalarStringification" name="test_none_renders_as_empty_cell" time="0.000" /><testcase classname="tests.format.test_table.TestScalarStringification" name="test_true_false_lowercase" time="0.000" /><testcase classname="tests.format.test_table.TestScalarStringification" name="test_numbers_stringify" time="0.000" /><testcase classname="tests.format.test_toon_dump.TestEmpty" name="test_empty_list_renders_empty_string" time="0.000" /><testcase classname="tests.format.test_toon_dump.TestEmpty" name="test_empty_list_with_explicit_schema_renders_header_only" time="0.000" /><testcase classname="tests.format.test_toon_dump.TestHeaderAndRows" name="test_single_row_emits_header_and_one_data_row" time="0.000" /><testcase classname="tests.format.test_toon_dump.TestHeaderAndRows" name="test_multiple_rows_emit_header_and_one_line_each" time="0.000" /><testcase classname="tests.format.test_toon_dump.TestHeaderAndRows" name="test_dict_argument_treated_as_one_row_table" time="0.000" /><testcase classname="tests.format.test_toon_dump.TestHeaderAndRows" name="test_no_trailing_newline" time="0.000" /><testcase classname="tests.format.test_toon_dump.TestColumnOrdering" name="test_default_order_is_first_seen_keys" time="0.000" /><testcase classname="tests.format.test_toon_dump.TestColumnOrdering" name="test_explicit_schema_pins_order" time="0.000" /><testcase classname="tests.format.test_toon_dump.TestColumnOrdering" name="test_schema_omits_unlisted_columns" time="0.000" /><testcase classname="tests.format.test_toon_dump.TestColumnOrdering" name="test_schema_pads_missing_keys_as_empty" time="0.000" /><testcase classname="tests.format.test_toon_dump.TestScalarEncoding" name="test_none_renders_as_empty_cell" time="0.000" /><testcase classname="tests.format.test_toon_dump.TestScalarEncoding" name="test_true_renders_lowercase" time="0.000" /><testcase classname="tests.format.test_toon_dump.TestScalarEncoding" name="test_false_renders_lowercase" time="0.000" /><testcase classname="tests.format.test_toon_dump.TestScalarEncoding" name="test_integer_renders_with_str" time="0.000" /><testcase classname="tests.format.test_toon_dump.TestScalarEncoding" name="test_negative_integer" time="0.000" /><testcase classname="tests.format.test_toon_dump.TestScalarEncoding" name="test_float_round_trips_via_repr" time="0.000" /><testcase classname="tests.format.test_toon_dump.TestScalarEncoding" name="test_non_string_non_scalar_stringifies" time="0.000" /><testcase classname="tests.format.test_toon_dump.TestEscapeRules" name="test_cell_with_separator_is_quoted" time="0.000" /><testcase classname="tests.format.test_toon_dump.TestEscapeRules" name="test_cell_with_newline_is_quoted" time="0.000" /><testcase classname="tests.format.test_toon_dump.TestEscapeRules" name="test_cell_with_double_quote_passes_through_literally" time="0.000" /><testcase classname="tests.format.test_toon_dump.TestEscapeRules" name="test_cell_starting_with_double_quote_passes_through" time="0.000" /><testcase classname="tests.format.test_toon_dump.TestEscapeRules" name="test_cell_with_embedded_quotes_inside_wrapped_cell" time="0.000" /><testcase classname="tests.format.test_toon_dump.TestEscapeRules" name="test_cell_with_carriage_return_is_quoted" time="0.000" /><testcase classname="tests.format.test_toon_dump.TestEscapeRules" name="test_normal_cell_not_quoted" time="0.000" /><testcase classname="tests.format.test_toon_dump.TestEscapeRules" name="test_header_cell_with_separator_is_quoted" time="0.000" /><testcase classname="tests.format.test_toon_dump.TestSeparatorOverride" name="test_comma_separator" time="0.000" /><testcase classname="tests.format.test_toon_dump.TestSeparatorOverride" name="test_separator_drives_escape_rule" time="0.000" /><testcase classname="tests.format.test_toon_dump.TestErrors" name="test_non_list_non_dict_input_raises" time="0.000" /><testcase classname="tests.format.test_toon_dump.TestErrors" name="test_list_of_non_dicts_raises" time="0.000" /><testcase classname="tests.format.test_toon_load.TestEmpty" name="test_empty_string_returns_empty_list" time="0.000" /><testcase classname="tests.format.test_toon_load.TestEmpty" name="test_only_whitespace_returns_empty_list" time="0.000" /><testcase classname="tests.format.test_toon_load.TestEmpty" name="test_header_only_returns_empty_list" time="0.000" /><testcase classname="tests.format.test_toon_load.TestBasicParse" name="test_one_row" time="0.000" /><testcase classname="tests.format.test_toon_load.TestBasicParse" name="test_multiple_rows" time="0.000" /><testcase classname="tests.format.test_toon_load.TestBasicParse" name="test_returns_list_of_dicts" time="0.000" /><testcase classname="tests.format.test_toon_load.TestStringSemantics" name="test_cells_are_strings" time="0.000" /><testcase classname="tests.format.test_toon_load.TestStringSemantics" name="test_empty_cell_renders_as_empty_string" time="0.000" /><testcase classname="tests.format.test_toon_load.TestQuoting" name="test_quoted_cell_with_separator" time="0.000" /><testcase classname="tests.format.test_toon_load.TestQuoting" name="test_quoted_cell_with_newline" time="0.000" /><testcase classname="tests.format.test_toon_load.TestQuoting" name="test_doubled_quote_unescapes" time="0.000" /><testcase classname="tests.format.test_toon_load.TestQuoting" name="test_quoted_empty_string" time="0.000" /><testcase classname="tests.format.test_toon_load.TestLineEndings" name="test_trailing_newline_tolerated" time="0.000" /><testcase classname="tests.format.test_toon_load.TestLineEndings" name="test_multiple_trailing_newlines_tolerated" time="0.000" /><testcase classname="tests.format.test_toon_load.TestLineEndings" name="test_crlf_line_endings_tolerated" time="0.000" /><testcase classname="tests.format.test_toon_load.TestHeaderKeys" name="test_header_keys_with_quoting" time="0.000" /><testcase classname="tests.format.test_toon_load.TestSeparatorOverride" name="test_comma_separator" time="0.000" /><testcase classname="tests.format.test_toon_load.TestSeparatorOverride" name="test_comma_separator_respects_quoting" time="0.000" /><testcase classname="tests.format.test_toon_roundtrip" name="test_roundtrip_preserves_string_form[rows0]" time="0.000" /><testcase classname="tests.format.test_toon_roundtrip" name="test_roundtrip_preserves_string_form[rows1]" time="0.000" /><testcase classname="tests.format.test_toon_roundtrip" name="test_roundtrip_preserves_string_form[rows2]" time="0.000" /><testcase classname="tests.format.test_toon_roundtrip" name="test_roundtrip_preserves_string_form[rows3]" time="0.000" /><testcase classname="tests.format.test_toon_roundtrip" name="test_roundtrip_preserves_string_form[rows4]" time="0.000" /><testcase classname="tests.format.test_toon_roundtrip" name="test_roundtrip_preserves_string_form[rows5]" time="0.000" /><testcase classname="tests.format.test_toon_roundtrip" name="test_roundtrip_preserves_string_form[rows6]" time="0.000" /><testcase classname="tests.format.test_toon_roundtrip" name="test_roundtrip_preserves_string_form[rows7]" time="0.000" /><testcase classname="tests.format.test_toon_roundtrip" name="test_roundtrip_preserves_string_form[rows8]" time="0.000" /><testcase classname="tests.format.test_toon_roundtrip" name="test_roundtrip_preserves_string_form[rows9]" time="0.000" /><testcase classname="tests.format.test_toon_roundtrip" name="test_roundtrip_preserves_string_form[rows10]" time="0.000" /><testcase classname="tests.format.test_toon_roundtrip" name="test_roundtrip_preserves_string_form[rows11]" time="0.000" /><testcase classname="tests.format.test_toon_roundtrip" name="test_roundtrip_preserves_string_form[rows12]" time="0.000" /><testcase classname="tests.format.test_toon_roundtrip.TestRoundtripWithSchema" name="test_pinned_schema_roundtrips" time="0.000" /><testcase classname="tests.format.test_toon_roundtrip.TestRoundtripWithSchema" name="test_schema_with_missing_keys_roundtrips_as_empty" time="0.000" /><testcase classname="tests.format.test_toon_roundtrip.TestRoundtripWithSeparator" name="test_comma_separator" time="0.000" /><testcase classname="tests.format.test_toon_roundtrip.TestPathologicalCells" name="test_single_cell_survives_roundtrip[tab\there]" time="0.000" /><testcase classname="tests.format.test_toon_roundtrip.TestPathologicalCells" name="test_single_cell_survives_roundtrip[newline\nhere]" time="0.000" /><testcase classname="tests.format.test_toon_roundtrip.TestPathologicalCells" name="test_single_cell_survives_roundtrip[quote &quot; here]" time="0.000" /><testcase classname="tests.format.test_toon_roundtrip.TestPathologicalCells" name="test_single_cell_survives_roundtrip[all\tof\nthe\rabove]" time="0.000" /><testcase classname="tests.format.test_toon_roundtrip.TestPathologicalCells" name="test_single_cell_survives_roundtrip[ ]" time="0.000" /><testcase classname="tests.format.test_toon_roundtrip.TestPathologicalCells" name="test_single_cell_survives_roundtrip[\t]" time="0.000" /><testcase classname="tests.format.test_toon_roundtrip.TestPathologicalCells" name="test_single_cell_survives_roundtrip[\n]" time="0.000" /><testcase classname="tests.ingest.test_add.TestPrecisAddFresh" name="test_doi_input_writes_full_set" time="0.138" /><testcase classname="tests.ingest.test_add.TestPrecisAddFresh" name="test_arxiv_input_dispatches_to_s2" time="0.027" /><testcase classname="tests.ingest.test_add.TestPrecisAddFresh" name="test_pdf_input_dispatches_to_extract_paper" time="0.031" /><testcase classname="tests.ingest.test_add.TestPrecisAddFresh" name="test_unsupported_input_type_raises" time="0.021" /><testcase classname="tests.ingest.test_add.TestPrecisAddIdempotent" name="test_second_call_short_circuits" time="0.027" /><testcase classname="tests.ingest.test_add.TestPrecisAddIdempotent" name="test_dedup_via_pdf_sha256" time="0.033" /><testcase classname="tests.ingest.test_add.TestPrecisAddIdempotent" name="test_fast_path_skips_marker_when_pdf_sha256_known" time="0.024" /><testcase classname="tests.ingest.test_add.TestPrecisAddErrors" name="test_missing_pdf_is_silent_noop" time="0.020" /><testcase classname="tests.ingest.test_add.TestPrecisAddErrors" name="test_doi_lookup_miss_raises" time="0.021" /><testcase classname="tests.ingest.test_claim.TestKeyDerivation" name="test_first_16_hex_chars_decode_in_signed_bigint_range" time="0.000" /><testcase classname="tests.ingest.test_claim.TestKeyDerivation" name="test_collision_resistant_on_close_inputs" time="0.000" /><testcase classname="tests.ingest.test_claim.TestKeyDerivation" name="test_only_first_16_chars_matter" time="0.000" /><testcase classname="tests.ingest.test_claim.TestClaimIntegration" name="test_acquire_then_release" time="0.009" /><testcase classname="tests.ingest.test_claim.TestClaimIntegration" name="test_second_concurrent_claim_busy" time="0.007" /><testcase classname="tests.ingest.test_claim.TestClaimIntegration" name="test_release_on_exception" time="0.008" /><testcase classname="tests.ingest.test_claim.TestClaimIntegration" name="test_different_hashes_dont_collide" time="0.008" /><testcase classname="tests.ingest.test_crossref.TestCrossrefNormalize" name="test_normalize_full" time="0.000" /><testcase classname="tests.ingest.test_crossref.TestCrossrefNormalize" name="test_normalize_missing_authors" time="0.000" /><testcase classname="tests.ingest.test_crossref.TestCrossrefNormalize" name="test_normalize_empty_title" time="0.000" /><testcase classname="tests.ingest.test_crossref.TestCrossrefNormalize" name="test_normalize_corporate_author_uses_name_field" time="0.000" /><testcase classname="tests.ingest.test_crossref.TestCrossrefNormalize" name="test_normalize_skips_affiliation_strings_in_author_list" time="0.000" /><testcase classname="tests.ingest.test_crossref.TestCrossrefNormalize" name="test_normalize_falls_back_to_editors" time="0.000" /><testcase classname="tests.ingest.test_crossref.TestCrossrefNormalize" name="test_normalize_no_author_no_editor" time="0.000" /><testcase classname="tests.ingest.test_crossref.TestCrossrefLookup" name="test_lookup_success" time="0.000" /><testcase classname="tests.ingest.test_crossref.TestCrossrefLookup" name="test_lookup_not_found" time="0.000" /><testcase classname="tests.ingest.test_crossref.TestCrossrefLookup" name="test_lookup_exception" time="0.000" /><testcase classname="tests.ingest.test_crossref.TestCrossrefLookup" name="test_mailto_passed" time="0.000" /><testcase classname="tests.ingest.test_db_writer.TestNextCiteKey" name="test_no_collision_returns_prefix" time="0.000" /><testcase classname="tests.ingest.test_db_writer.TestNextCiteKey" name="test_first_collision_appends_a" time="0.000" /><testcase classname="tests.ingest.test_db_writer.TestNextCiteKey" name="test_second_collision_appends_b" time="0.000" /><testcase classname="tests.ingest.test_db_writer.TestNextCiteKey" name="test_fills_gaps_in_order" time="0.000" /><testcase classname="tests.ingest.test_db_writer.TestNextCiteKey" name="test_progresses_past_z" time="0.000" /><testcase classname="tests.ingest.test_db_writer.TestNextCiteKey" name="test_unrelated_prefixes_dont_count" time="0.000" /><testcase classname="tests.ingest.test_db_writer.TestProbeExisting" name="test_empty_db_returns_none" time="0.021" /><testcase classname="tests.ingest.test_db_writer.TestProbeExisting" name="test_no_identifiers_returns_none" time="0.021" /><testcase classname="tests.ingest.test_db_writer.TestProbeExisting" name="test_finds_by_doi" time="0.024" /><testcase classname="tests.ingest.test_db_writer.TestProbeExisting" name="test_finds_by_arxiv" time="0.022" /><testcase classname="tests.ingest.test_db_writer.TestProbeExisting" name="test_finds_by_pdf_sha256" time="0.022" /><testcase classname="tests.ingest.test_db_writer.TestProbeExisting" name="test_first_match_wins_when_multiple" time="0.025" /><testcase classname="tests.ingest.test_db_writer.TestResolveCiteKey" name="test_empty_db_returns_prefix" time="0.021" /><testcase classname="tests.ingest.test_db_writer.TestResolveCiteKey" name="test_collision_appends_a" time="0.024" /><testcase classname="tests.ingest.test_db_writer.TestResolveCiteKey" name="test_two_collisions_appends_b" time="0.026" /><testcase classname="tests.ingest.test_db_writer.TestResolveCiteKey" name="test_empty_prefix_raises" time="0.019" /><testcase classname="tests.ingest.test_db_writer.TestWritePaper" name="test_metadata_only_minimal" time="0.025" /><testcase classname="tests.ingest.test_db_writer.TestWritePaper" name="test_pdf_with_chunks" time="0.027" /><testcase classname="tests.ingest.test_db_writer.TestWritePaper" name="test_pdf_dedup_on_conflict" time="0.027" /><testcase classname="tests.ingest.test_db_writer.TestWritePaper" name="test_cite_key_collision_progresses" time="0.024" /><testcase classname="tests.ingest.test_db_writer.TestWritePaper" name="test_missing_paper_id_raises" time="0.021" /><testcase classname="tests.ingest.test_db_writer.TestWritePaper" name="test_missing_cite_key_prefix_raises" time="0.020" /><testcase classname="tests.ingest.test_figures.TestMatchFigureCaptions" name="test_caption_merged" time="0.000" /><testcase classname="tests.ingest.test_figures.TestMatchFigureCaptions" name="test_no_caption" time="0.000" /><testcase classname="tests.ingest.test_figures.TestMatchFigureCaptions" name="test_fig_abbreviation" time="0.000" /><testcase classname="tests.ingest.test_figures.TestMatchFigureCaptions" name="test_no_figures" time="0.000" /><testcase classname="tests.ingest.test_figures.TestMatchFigureCaptions" name="test_figure_at_end" time="0.000" /><testcase classname="tests.ingest.test_figures.TestEncodeImage" name="test_encode_png" time="0.000" /><testcase classname="tests.ingest.test_figures.TestEncodeImage" name="test_encode_jpeg" time="0.000" /><testcase classname="tests.ingest.test_literature.TestSkipEmbedTypes" name="test_is_frozenset" time="0.000" /><testcase classname="tests.ingest.test_literature.TestSkipEmbedTypes" name="test_expected_members" time="0.000" /><testcase classname="tests.ingest.test_literature.TestFirstAuthorKey" name="test_list_of_dicts_comma_first" time="0.000" /><testcase classname="tests.ingest.test_literature.TestFirstAuthorKey" name="test_list_of_dicts_first_last" time="0.000" /><testcase classname="tests.ingest.test_literature.TestFirstAuthorKey" name="test_semicolon_packed" time="0.000" /><testcase classname="tests.ingest.test_literature.TestFirstAuthorKey" name="test_list_of_strings" time="0.000" /><testcase classname="tests.ingest.test_literature.TestFirstAuthorKey" name="test_json_string" time="0.000" /><testcase classname="tests.ingest.test_literature.TestFirstAuthorKey" name="test_empty_list" time="0.000" /><testcase classname="tests.ingest.test_literature.TestFirstAuthorKey" name="test_none" time="0.000" /><testcase classname="tests.ingest.test_literature.TestFirstAuthorKey" name="test_malformed_json" time="0.000" /><testcase classname="tests.ingest.test_literature.TestFirstAuthorKey" name="test_missing_name_key" time="0.000" /><testcase classname="tests.ingest.test_literature.TestFirstAuthorSurname" name="test_last_first" time="0.000" /><testcase classname="tests.ingest.test_literature.TestFirstAuthorSurname" name="test_first_last" time="0.000" /><testcase classname="tests.ingest.test_literature.TestFirstAuthorSurname" name="test_first_middle_last" time="0.000" /><testcase classname="tests.ingest.test_literature.TestFirstAuthorSurname" name="test_preserves_case" time="0.000" /><testcase classname="tests.ingest.test_literature.TestFirstAuthorSurname" name="test_json_string_input" time="0.000" /><testcase classname="tests.ingest.test_literature.TestFirstAuthorSurname" name="test_empty" time="0.000" /><testcase classname="tests.ingest.test_literature.TestBuildEmbedder" name="test_unknown_provider_raises" time="0.000" /><testcase classname="tests.ingest.test_literature.TestBuildEmbedder" name="test_sentence_transformers_requires_model" time="4.832" /><testcase classname="tests.ingest.test_literature.TestBuildEmbedder" name="test_error_is_import_error_subclass" time="0.000" /><testcase classname="tests.ingest.test_lookup.TestExtractArxivFromFilename" name="test_standard_arxiv" time="0.000" /><testcase classname="tests.ingest.test_lookup.TestExtractArxivFromFilename" name="test_arxiv_with_version" time="0.000" /><testcase classname="tests.ingest.test_lookup.TestExtractArxivFromFilename" name="test_arxiv_no_version" time="0.000" /><testcase classname="tests.ingest.test_lookup.TestExtractArxivFromFilename" name="test_arxiv_with_timestamp_suffix" time="0.000" /><testcase classname="tests.ingest.test_lookup.TestExtractArxivFromFilename" name="test_non_arxiv_filename" time="0.000" /><testcase classname="tests.ingest.test_lookup.TestExtractArxivFromFilename" name="test_doi_style_filename" time="0.000" /><testcase classname="tests.ingest.test_lookup.TestExtractArxivFromFilename" name="test_ssrn_filename" time="0.000" /><testcase classname="tests.ingest.test_lookup.TestExtractArxivFromFilename" name="test_five_digit_arxiv" time="0.000" /><testcase classname="tests.ingest.test_lookup.TestExtractArxivFromFilename" name="test_arxiv_with_page_suffix" time="0.000" /><testcase classname="tests.ingest.test_lookup.TestParseAuthorString" name="test_empty" time="0.000" /><testcase classname="tests.ingest.test_lookup.TestParseAuthorString" name="test_whitespace" time="0.000" /><testcase classname="tests.ingest.test_lookup.TestParseAuthorString" name="test_single_author" time="0.000" /><testcase classname="tests.ingest.test_lookup.TestParseAuthorString" name="test_semicolon_separated" time="0.000" /><testcase classname="tests.ingest.test_lookup.TestParseAuthorString" name="test_and_separated" time="0.000" /><testcase classname="tests.ingest.test_lookup.TestParseAuthorString" name="test_none_input" time="0.000" /><testcase classname="tests.ingest.test_lookup.TestGarbageTitleGatesS2Fallback" name="test_indesign_filename_skips_s2" time="0.000" /><testcase classname="tests.ingest.test_lookup.TestGarbageTitleGatesS2Fallback" name="test_page_range_id_skips_s2" time="0.000" /><testcase classname="tests.ingest.test_lookup.TestGarbageTitleGatesS2Fallback" name="test_revtex_boilerplate_skips_s2" time="0.000" /><testcase classname="tests.ingest.test_lookup.TestGarbageTitleGatesS2Fallback" name="test_numeric_manuscript_id_skips_s2" time="0.000" /><testcase classname="tests.ingest.test_lookup.TestGarbageTitleGatesS2Fallback" name="test_real_title_still_queries_s2" time="0.000" /><testcase classname="tests.ingest.test_marker.TestJunkHeadingRegex" name="test_matches_junk[OPEN ACCESS]" time="0.000" /><testcase classname="tests.ingest.test_marker.TestJunkHeadingRegex" name="test_matches_junk[Open Access]" time="0.000" /><testcase classname="tests.ingest.test_marker.TestJunkHeadingRegex" name="test_matches_junk[OPEN  ACCESS]" time="0.000" /><testcase classname="tests.ingest.test_marker.TestJunkHeadingRegex" name="test_matches_junk[COPYRIGHT]" time="0.000" /><testcase classname="tests.ingest.test_marker.TestJunkHeadingRegex" name="test_matches_junk[Copyright]" time="0.000" /><testcase classname="tests.ingest.test_marker.TestJunkHeadingRegex" name="test_matches_junk[CITATION]" time="0.000" /><testcase classname="tests.ingest.test_marker.TestJunkHeadingRegex" name="test_matches_junk[REVIEWED BY Yashwant Bisht, Uttaranchal University, India]" time="0.000" /><testcase classname="tests.ingest.test_marker.TestJunkHeadingRegex" name="test_matches_junk[Reviewed by John Smith]" time="0.000" /><testcase classname="tests.ingest.test_marker.TestJunkHeadingRegex" name="test_matches_junk[EDITED BY Jane Doe]" time="0.000" /><testcase classname="tests.ingest.test_marker.TestJunkHeadingRegex" name="test_matches_junk[Edited by Someone]" time="0.000" /><testcase classname="tests.ingest.test_marker.TestJunkHeadingRegex" name="test_matches_junk[*CORRESPONDENCE]" time="0.000" /><testcase classname="tests.ingest.test_marker.TestJunkHeadingRegex" name="test_matches_junk[CORRESPONDENCE]" time="0.000" /><testcase classname="tests.ingest.test_marker.TestJunkHeadingRegex" name="test_matches_junk[Correspondence]" time="0.000" /><testcase classname="tests.ingest.test_marker.TestJunkHeadingRegex" name="test_matches_junk[RECEIVED 12 January 2025]" time="0.000" /><testcase classname="tests.ingest.test_marker.TestJunkHeadingRegex" name="test_matches_junk[ACCEPTED 5 March 2025]" time="0.000" /><testcase classname="tests.ingest.test_marker.TestJunkHeadingRegex" name="test_matches_junk[PUBLISHED 10 March 2025]" time="0.000" /><testcase classname="tests.ingest.test_marker.TestJunkHeadingRegex" name="test_matches_junk[HANDLING EDITOR John]" time="0.000" /><testcase classname="tests.ingest.test_marker.TestJunkHeadingRegex" name="test_matches_junk[ASSOCIATE EDITOR Jane]" time="0.000" /><testcase classname="tests.ingest.test_marker.TestJunkHeadingRegex" name="test_matches_junk[TYPE Original Research]" time="0.000" /><testcase classname="tests.ingest.test_marker.TestJunkHeadingRegex" name="test_does_not_match_real_headings[Introduction]" time="0.000" /><testcase classname="tests.ingest.test_marker.TestJunkHeadingRegex" name="test_does_not_match_real_headings[1. Methods]" time="0.000" /><testcase classname="tests.ingest.test_marker.TestJunkHeadingRegex" name="test_does_not_match_real_headings[Results and Discussion]" time="0.000" /><testcase classname="tests.ingest.test_marker.TestJunkHeadingRegex" name="test_does_not_match_real_headings[Acknowledgments]" time="0.000" /><testcase classname="tests.ingest.test_marker.TestJunkHeadingRegex" name="test_does_not_match_real_headings[References]" time="0.000" /><testcase classname="tests.ingest.test_marker.TestJunkHeadingRegex" name="test_does_not_match_real_headings[Abstract]" time="0.000" /><testcase classname="tests.ingest.test_marker.TestJunkHeadingRegex" name="test_does_not_match_real_headings[Experimental Procedures]" time="0.000" /><testcase classname="tests.ingest.test_marker.TestJunkHeadingRegex" name="test_does_not_match_real_headings[2.1 Surface Characterization]" time="0.000" /><testcase classname="tests.ingest.test_marker.TestMarkJunk" name="test_junk_heading_and_followers" time="0.000" /><testcase classname="tests.ingest.test_marker.TestMarkJunk" name="test_multiple_junk_sections" time="0.000" /><testcase classname="tests.ingest.test_marker.TestMarkJunk" name="test_no_junk_when_no_frontmatter" time="0.000" /><testcase classname="tests.ingest.test_marker.TestMarkJunk" name="test_junk_does_not_leak_past_real_heading" time="0.000" /><testcase classname="tests.ingest.test_marker.TestMarkJunk" name="test_preserves_block_text" time="0.000" /><testcase classname="tests.ingest.test_marker.TestMergeSmallBlocks" name="test_section_header_absorbed_into_next_text" time="0.000" /><testcase classname="tests.ingest.test_marker.TestMergeSmallBlocks" name="test_stacked_headers_absorb_together" time="0.000" /><testcase classname="tests.ingest.test_marker.TestMergeSmallBlocks" name="test_trailing_header_kept_standalone" time="0.000" /><testcase classname="tests.ingest.test_marker.TestMergeSmallBlocks" name="test_header_above_junk_flushes_as_standalone" time="0.000" /><testcase classname="tests.ingest.test_marker.TestMergeSmallBlocks" name="test_adjacent_text_blocks_merge_within_section" time="0.000" /><testcase classname="tests.ingest.test_marker.TestMergeSmallBlocks" name="test_text_does_not_merge_across_section_path" time="0.000" /><testcase classname="tests.ingest.test_marker.TestMergeSmallBlocks" name="test_text_does_not_merge_across_page" time="0.000" /><testcase classname="tests.ingest.test_marker.TestMergeSmallBlocks" name="test_text_does_not_merge_across_type" time="0.000" /><testcase classname="tests.ingest.test_marker.TestMergeSmallBlocks" name="test_merge_stops_at_target_size" time="0.000" /><testcase classname="tests.ingest.test_marker.TestMergeSmallBlocks" name="test_tables_stay_standalone" time="0.000" /><testcase classname="tests.ingest.test_marker.TestMergeSmallBlocks" name="test_figures_absorb_headers_but_dont_merge_with_each_other" time="0.000" /><testcase classname="tests.ingest.test_marker.TestMergeSmallBlocks" name="test_node_id_renumbered_per_page_after_merge" time="0.000" /><testcase classname="tests.ingest.test_marker.TestMergeSmallBlocks" name="test_empty_input_returns_empty" time="0.000" /><testcase classname="tests.ingest.test_marker.TestMergeSmallBlocks" name="test_only_headers_kept_standalone" time="0.000" /><testcase classname="tests.ingest.test_marker.TestMergeSmallBlocks" name="test_no_merges_preserves_indices" time="0.000" /><testcase classname="tests.ingest.test_marker.TestMdLinkStrip" name="test_strip_link" time="0.000" /><testcase classname="tests.ingest.test_marker.TestMdLinkStrip" name="test_strip_multiple_links" time="0.000" /><testcase classname="tests.ingest.test_marker.TestMdLinkStrip" name="test_no_links_unchanged" time="0.000" /><testcase classname="tests.ingest.test_marker.TestCleanTextChemistryCorpus" name="test_individual_fragment_preserved[\u03b1]" time="0.000" /><testcase classname="tests.ingest.test_marker.TestCleanTextChemistryCorpus" name="test_individual_fragment_preserved[\u03b2]" time="0.000" /><testcase classname="tests.ingest.test_marker.TestCleanTextChemistryCorpus" name="test_individual_fragment_preserved[\u03b3]" time="0.000" /><testcase classname="tests.ingest.test_marker.TestCleanTextChemistryCorpus" name="test_individual_fragment_preserved[\u03b4]" time="0.000" /><testcase classname="tests.ingest.test_marker.TestCleanTextChemistryCorpus" name="test_individual_fragment_preserved[\u03b5]" time="0.000" /><testcase classname="tests.ingest.test_marker.TestCleanTextChemistryCorpus" name="test_individual_fragment_preserved[\u0394]" time="0.000" /><testcase classname="tests.ingest.test_marker.TestCleanTextChemistryCorpus" name="test_individual_fragment_preserved[\u03a3]" time="0.000" /><testcase classname="tests.ingest.test_marker.TestCleanTextChemistryCorpus" name="test_individual_fragment_preserved[\u03a9]" time="0.000" /><testcase classname="tests.ingest.test_marker.TestCleanTextChemistryCorpus" name="test_individual_fragment_preserved[\u03bc]" time="0.000" /><testcase classname="tests.ingest.test_marker.TestCleanTextChemistryCorpus" name="test_individual_fragment_preserved[\u03b8]" time="0.000" /><testcase classname="tests.ingest.test_marker.TestCleanTextChemistryCorpus" name="test_individual_fragment_preserved[\u03bb]" time="0.000" /><testcase classname="tests.ingest.test_marker.TestCleanTextChemistryCorpus" name="test_individual_fragment_preserved[\u03c0]" time="0.000" /><testcase classname="tests.ingest.test_marker.TestCleanTextChemistryCorpus" name="test_individual_fragment_preserved[\u2192]" time="0.000" /><testcase classname="tests.ingest.test_marker.TestCleanTextChemistryCorpus" name="test_individual_fragment_preserved[\u2194]" time="0.000" /><testcase classname="tests.ingest.test_marker.TestCleanTextChemistryCorpus" name="test_individual_fragment_preserved[\u21cc]" time="0.000" /><testcase classname="tests.ingest.test_marker.TestCleanTextChemistryCorpus" name="test_individual_fragment_preserved[\u21c4]" time="0.000" /><testcase classname="tests.ingest.test_marker.TestCleanTextChemistryCorpus" name="test_individual_fragment_preserved[\u21c6]" time="0.000" /><testcase classname="tests.ingest.test_marker.TestCleanTextChemistryCorpus" name="test_individual_fragment_preserved[\u27f6]" time="0.000" /><testcase classname="tests.ingest.test_marker.TestCleanTextChemistryCorpus" name="test_individual_fragment_preserved[\u2191]" time="0.000" /><testcase classname="tests.ingest.test_marker.TestCleanTextChemistryCorpus" name="test_individual_fragment_preserved[\u2193]" time="0.000" /><testcase classname="tests.ingest.test_marker.TestCleanTextChemistryCorpus" name="test_individual_fragment_preserved[H\u2082O]" time="0.000" /><testcase classname="tests.ingest.test_marker.TestCleanTextChemistryCorpus" name="test_individual_fragment_preserved[CO\u2082]" time="0.000" /><testcase classname="tests.ingest.test_marker.TestCleanTextChemistryCorpus" name="test_individual_fragment_preserved[N\u2082O]" time="0.000" /><testcase classname="tests.ingest.test_marker.TestCleanTextChemistryCorpus" name="test_individual_fragment_preserved[Fe\xb3\u207a]" time="0.000" /><testcase classname="tests.ingest.test_marker.TestCleanTextChemistryCorpus" name="test_individual_fragment_preserved[Cu\xb2\u207a]" time="0.000" /><testcase classname="tests.ingest.test_marker.TestCleanTextChemistryCorpus" name="test_individual_fragment_preserved[SO\u2084\xb2\u207b]" time="0.000" /><testcase classname="tests.ingest.test_marker.TestCleanTextChemistryCorpus" name="test_individual_fragment_preserved[PO\u2084\xb3\u207b]" time="0.000" /><testcase classname="tests.ingest.test_marker.TestCleanTextChemistryCorpus" name="test_individual_fragment_preserved[x\xb2]" time="0.000" /><testcase classname="tests.ingest.test_marker.TestCleanTextChemistryCorpus" name="test_individual_fragment_preserved[10\u207b\xb3]" time="0.000" /><testcase classname="tests.ingest.test_marker.TestCleanTextChemistryCorpus" name="test_individual_fragment_preserved[\xb9\u2074C]" time="0.000" /><testcase classname="tests.ingest.test_marker.TestCleanTextChemistryCorpus" name="test_individual_fragment_preserved[\xb9H]" time="0.000" /><testcase classname="tests.ingest.test_marker.TestCleanTextChemistryCorpus" name="test_individual_fragment_preserved[\xb2H NMR]" time="0.000" /><testcase classname="tests.ingest.test_marker.TestCleanTextChemistryCorpus" name="test_individual_fragment_preserved[10\u207b\xb9\u2078]" time="0.000" /><testcase classname="tests.ingest.test_marker.TestCleanTextChemistryCorpus" name="test_individual_fragment_preserved[\xb0C]" time="0.000" /><testcase classname="tests.ingest.test_marker.TestCleanTextChemistryCorpus" name="test_individual_fragment_preserved[\xb0F]" time="0.000" /><testcase classname="tests.ingest.test_marker.TestCleanTextChemistryCorpus" name="test_individual_fragment_preserved[\xc5]" time="0.000" /><testcase classname="tests.ingest.test_marker.TestCleanTextChemistryCorpus" name="test_individual_fragment_preserved[\u03bcm]" time="0.000" /><testcase classname="tests.ingest.test_marker.TestCleanTextChemistryCorpus" name="test_individual_fragment_preserved[\u03bcs]" time="0.000" /><testcase classname="tests.ingest.test_marker.TestCleanTextChemistryCorpus" name="test_individual_fragment_preserved[\xb10.5]" time="0.000" /><testcase classname="tests.ingest.test_marker.TestCleanTextChemistryCorpus" name="test_individual_fragment_preserved[5 \xd7 10\u207b\xb3]" time="0.000" /><testcase classname="tests.ingest.test_marker.TestCleanTextChemistryCorpus" name="test_individual_fragment_preserved[\u22642 nm]" time="0.000" /><testcase classname="tests.ingest.test_marker.TestCleanTextChemistryCorpus" name="test_individual_fragment_preserved[\u2264]" time="0.000" /><testcase classname="tests.ingest.test_marker.TestCleanTextChemistryCorpus" name="test_individual_fragment_preserved[\u2265]" time="0.000" /><testcase classname="tests.ingest.test_marker.TestCleanTextChemistryCorpus" name="test_individual_fragment_preserved[\u2260]" time="0.000" /><testcase classname="tests.ingest.test_marker.TestCleanTextChemistryCorpus" name="test_individual_fragment_preserved[\u2248]" time="0.000" /><testcase classname="tests.ingest.test_marker.TestCleanTextChemistryCorpus" name="test_individual_fragment_preserved[\u221e]" time="0.000" /><testcase classname="tests.ingest.test_marker.TestCleanTextChemistryCorpus" name="test_individual_fragment_preserved[\u222b]" time="0.000" /><testcase classname="tests.ingest.test_marker.TestCleanTextChemistryCorpus" name="test_individual_fragment_preserved[\u2211]" time="0.000" /><testcase classname="tests.ingest.test_marker.TestCleanTextChemistryCorpus" name="test_individual_fragment_preserved[\u221a]" time="0.000" /><testcase classname="tests.ingest.test_marker.TestCleanTextChemistryCorpus" name="test_individual_fragment_preserved[\u2202]" time="0.000" /><testcase classname="tests.ingest.test_marker.TestCleanTextChemistryCorpus" name="test_individual_fragment_preserved[\u2207]" time="0.000" /><testcase classname="tests.ingest.test_marker.TestCleanTextChemistryCorpus" name="test_individual_fragment_preserved[\u221d]" time="0.000" /><testcase classname="tests.ingest.test_marker.TestCleanTextChemistryCorpus" name="test_individual_fragment_preserved[3\u2032 end]" time="0.000" /><testcase classname="tests.ingest.test_marker.TestCleanTextChemistryCorpus" name="test_individual_fragment_preserved[5\u2032-OH]" time="0.000" /><testcase classname="tests.ingest.test_marker.TestCleanTextChemistryCorpus" name="test_individual_fragment_preserved[RNA 3\u2032-end]" time="0.000" /><testcase classname="tests.ingest.test_marker.TestCleanTextChemistryCorpus" name="test_individual_fragment_preserved[30\u2032 vinyl]" time="0.000" /><testcase classname="tests.ingest.test_marker.TestCleanTextChemistryCorpus" name="test_full_chemistry_paragraph_preserved" time="0.000" /><testcase classname="tests.ingest.test_marker.TestCleanTextChemistryCorpus" name="test_html_entities_in_scientific_text_not_unescaped" time="0.000" /><testcase classname="tests.ingest.test_marker.TestCleanTextChemistryCorpus" name="test_smart_quotes_preserved" time="0.000" /><testcase classname="tests.ingest.test_marker.TestCleanTextRepairsMojibake" name="test_repairs_mojibake[\xc3\xa9lectrolyte-\xe9lectrolyte]" time="0.000" /><testcase classname="tests.ingest.test_marker.TestCleanTextRepairsMojibake" name="test_repairs_mojibake[r\xc3\xa9duction-r\xe9duction]" time="0.000" /><testcase classname="tests.ingest.test_marker.TestCleanTextRepairsMojibake" name="test_repairs_mojibake[\xc3\xb6stwald-\xf6stwald]" time="0.000" /><testcase classname="tests.ingest.test_marker.TestCleanTextRepairsMojibake" name="test_repairs_mojibake[M\xc3\xbcller-M\xfcller]" time="0.000" /><testcase classname="tests.ingest.test_marker.TestCleanTextRepairsMojibake" name="test_repairs_mojibake[a\xc3\xa7ai-a\xe7ai]" time="0.000" /><testcase classname="tests.ingest.test_marker.TestCleanTextRepairsMojibake" name="test_repairs_mojibake[0.5\xe2\u20ac\u201d1.0 nm-0.5\u20141.0 nm]" time="0.000" /><testcase classname="tests.ingest.test_marker.TestCleanTextRepairsMojibake" name="test_repairs_mojibake[the catalyst\xe2\u20ac\u2122s surface-the catalyst\u2019s surface]" time="0.000" /><testcase classname="tests.ingest.test_marker.TestCleanTextRepairsMojibake" name="test_repairs_mojibake[\xe2\u20ac\u0153polaron\xe2\u20ac\x9d-\u201cpolaron\u201d]" time="0.000" /><testcase classname="tests.ingest.test_marker.TestCleanTextRepairsMojibake" name="test_repairs_mojibake[\xce\xb1-helix-\u03b1-helix]" time="0.000" /><testcase classname="tests.ingest.test_marker.TestCleanTextRepairsMojibake" name="test_repairs_mojibake[\xce\xb2-sheet-\u03b2-sheet]" time="0.000" /><testcase classname="tests.ingest.test_marker.TestCleanTextRepairsMojibake" name="test_repairs_mojibake[\xce\u201dG-\u0394G]" time="0.000" /><testcase classname="tests.ingest.test_marker.TestCleanTextRepairsMojibake" name="test_lossy_replacement_left_alone_when_unguessable" time="0.000" /><testcase classname="tests.ingest.test_marker.TestCleanTextRepairsMojibake" name="test_clean_text_idempotent" time="0.000" /><testcase classname="tests.ingest.test_marker.TestCleanTextDehyphenation" name="test_simple_lowercase_join" time="0.000" /><testcase classname="tests.ingest.test_marker.TestCleanTextDehyphenation" name="test_join_handles_indented_continuation" time="0.000" /><testcase classname="tests.ingest.test_marker.TestCleanTextDehyphenation" name="test_preserves_chemical_compound_uppercase_after_break" time="0.000" /><testcase classname="tests.ingest.test_marker.TestCleanTextDehyphenation" name="test_preserves_chemical_compound_uppercase_before_break" time="0.000" /><testcase classname="tests.ingest.test_marker.TestCleanTextDehyphenation" name="test_paragraph_break_not_joined" time="0.000" /><testcase classname="tests.ingest.test_pdf_metadata.TestDoiNormalization" name="test_normalize_doi_strips_prefix" time="0.000" /><testcase classname="tests.ingest.test_pdf_metadata.TestDoiNormalization" name="test_normalize_doi_lowercases" time="0.000" /><testcase classname="tests.ingest.test_pdf_metadata.TestDoiNormalization" name="test_normalize_doi_strips_whitespace" time="0.000" /><testcase classname="tests.ingest.test_pdf_metadata.TestDoiValidation" name="test_valid_doi_formats" time="0.000" /><testcase classname="tests.ingest.test_pdf_metadata.TestDoiValidation" name="test_invalid_doi_formats" time="0.000" /><testcase classname="tests.ingest.test_pdf_metadata.TestDoiCandidate" name="test_normalization_on_creation" time="0.000" /><testcase classname="tests.ingest.test_pdf_metadata.TestDoiCandidate" name="test_validated_flag_default" time="0.000" /><testcase classname="tests.ingest.test_pdf_metadata.TestSidecarReading" name="test_read_existing_sidecar" time="0.000" /><testcase classname="tests.ingest.test_pdf_metadata.TestSidecarReading" name="test_read_missing_sidecar" time="0.000" /><testcase classname="tests.ingest.test_pdf_metadata.TestSidecarReading" name="test_read_invalid_sidecar" time="0.000" /><testcase classname="tests.ingest.test_pdf_metadata.TestComputeFileHash" name="test_compute_file_hash" time="0.000" /><testcase classname="tests.ingest.test_pdf_metadata.TestComputeFileHash" name="test_compute_file_hash_large_file" time="0.000" /><testcase classname="tests.ingest.test_pdf_sidecar.TestDOIExtraction" name="test_doi_from_xmp" time="0.000" /><testcase classname="tests.ingest.test_pdf_sidecar.TestDOIExtraction" name="test_doi_from_first_page" time="0.000" /><testcase classname="tests.ingest.test_pdf_sidecar.TestDOIExtraction" name="test_doi_from_info_dict" time="0.000" /><testcase classname="tests.ingest.test_pdf_sidecar.TestDOIExtraction" name="test_doi_cascade_priority" time="0.000" /><testcase classname="tests.ingest.test_pdf_sidecar.TestDOIExtraction" name="test_xmp_wins_over_bare_body_doi" time="0.000" /><testcase classname="tests.ingest.test_pdf_sidecar.TestDOIExtraction" name="test_bare_body_doi_before_references_used" time="0.000" /><testcase classname="tests.ingest.test_pdf_sidecar.TestDOIExtraction" name="test_bare_body_doi_after_references_skipped" time="0.000" /><testcase classname="tests.ingest.test_pdf_sidecar.TestDOIExtraction" name="test_no_doi_found" time="0.000" /><testcase classname="tests.ingest.test_pdf_sidecar.TestDOIExtraction" name="test_doi_from_pii_in_title" time="0.000" /><testcase classname="tests.ingest.test_pdf_sidecar.TestDOIExtraction" name="test_doi_from_pii_without_prefix" time="0.000" /><testcase classname="tests.ingest.test_pdf_sidecar.TestDOIExtraction" name="test_doi_from_pii_in_subject" time="0.000" /><testcase classname="tests.ingest.test_pdf_sidecar.TestDOIExtraction" name="test_real_doi_beats_pii" time="0.000" /><testcase classname="tests.ingest.test_pdf_sidecar.TestDOIExtraction" name="test_clean_doi_trailing_punct" time="0.000" /><testcase classname="tests.ingest.test_pdf_sidecar.TestPII" name="test_pii_to_doi_with_prefix" time="0.000" /><testcase classname="tests.ingest.test_pdf_sidecar.TestPII" name="test_pii_to_doi_without_s" time="0.000" /><testcase classname="tests.ingest.test_pdf_sidecar.TestPII" name="test_pii_to_doi_busca" time="0.000" /><testcase classname="tests.ingest.test_pdf_sidecar.TestPII" name="test_pii_to_doi_no_match" time="0.000" /><testcase classname="tests.ingest.test_pdf_sidecar.TestPII" name="test_pii_to_doi_empty" time="0.000" /><testcase classname="tests.ingest.test_pdf_sidecar.TestPII" name="test_is_pii_true" time="0.000" /><testcase classname="tests.ingest.test_pdf_sidecar.TestPII" name="test_is_pii_false" time="0.000" /><testcase classname="tests.ingest.test_pdf_sidecar.TestGarbageTitle" name="test_page_range_suffix" time="0.000" /><testcase classname="tests.ingest.test_pdf_sidecar.TestGarbageTitle" name="test_indesign_source_filename" time="0.000" /><testcase classname="tests.ingest.test_pdf_sidecar.TestGarbageTitle" name="test_revtex_boilerplate" time="0.000" /><testcase classname="tests.ingest.test_pdf_sidecar.TestGarbageTitle" name="test_latex_source_leakage" time="0.000" /><testcase classname="tests.ingest.test_pdf_sidecar.TestGarbageTitle" name="test_empty" time="0.000" /><testcase classname="tests.ingest.test_pdf_sidecar.TestGarbageTitle" name="test_real_titles_pass" time="0.000" /><testcase classname="tests.ingest.test_pdf_sidecar.TestTrimAtReferences" name="test_no_references_heading" time="0.000" /><testcase classname="tests.ingest.test_pdf_sidecar.TestTrimAtReferences" name="test_references_uppercase" time="0.000" /><testcase classname="tests.ingest.test_pdf_sidecar.TestTrimAtReferences" name="test_references_mixed_case" time="0.000" /><testcase classname="tests.ingest.test_pdf_sidecar.TestTrimAtReferences" name="test_bibliography_heading" time="0.000" /><testcase classname="tests.ingest.test_pdf_sidecar.TestTrimAtReferences" name="test_acknowledgements_not_confused_with_references" time="0.000" /><testcase classname="tests.ingest.test_pdf_sidecar.TestExtractDOIFromFilename" name="test_nature_old_style" time="0.000" /><testcase classname="tests.ingest.test_pdf_sidecar.TestExtractDOIFromFilename" name="test_nmat" time="0.000" /><testcase classname="tests.ingest.test_pdf_sidecar.TestExtractDOIFromFilename" name="test_nano_dotted_new_style" time="0.000" /><testcase classname="tests.ingest.test_pdf_sidecar.TestExtractDOIFromFilename" name="test_s_prefix_new_doi_style" time="0.000" /><testcase classname="tests.ingest.test_pdf_sidecar.TestExtractDOIFromFilename" name="test_physrevlett" time="0.000" /><testcase classname="tests.ingest.test_pdf_sidecar.TestExtractDOIFromFilename" name="test_physrevlett_with_page_suffix" time="0.000" /><testcase classname="tests.ingest.test_pdf_sidecar.TestExtractDOIFromFilename" name="test_physrevb" time="0.000" /><testcase classname="tests.ingest.test_pdf_sidecar.TestExtractDOIFromFilename" name="test_physrevx" time="0.000" /><testcase classname="tests.ingest.test_pdf_sidecar.TestExtractDOIFromFilename" name="test_physrev_materials" time="0.000" /><testcase classname="tests.ingest.test_pdf_sidecar.TestExtractDOIFromFilename" name="test_rsc_article_id" time="0.000" /><testcase classname="tests.ingest.test_pdf_sidecar.TestExtractDOIFromFilename" name="test_doi_as_filename_underscore" time="0.000" /><testcase classname="tests.ingest.test_pdf_sidecar.TestExtractDOIFromFilename" name="test_doi_as_filename_no_underscore_no_match" time="0.000" /><testcase classname="tests.ingest.test_pdf_sidecar.TestExtractDOIFromFilename" name="test_rsc_uppercase" time="0.000" /><testcase classname="tests.ingest.test_pdf_sidecar.TestExtractDOIFromFilename" name="test_slug_filename_no_match" time="0.000" /><testcase classname="tests.ingest.test_pdf_sidecar.TestExtractDOIFromFilename" name="test_arxiv_style_no_match" time="0.000" /><testcase classname="tests.ingest.test_pdf_sidecar.TestExtractDOIFromFilename" name="test_unknown_publisher_no_false_match" time="0.000" /><testcase classname="tests.ingest.test_pdf_sidecar.TestExtractDOIFromFilename" name="test_case_insensitive_nature" time="0.000" /><testcase classname="tests.ingest.test_pdf_sidecar.TestExtractDOIFromFilename" name="test_empty_filename" time="0.000" /><testcase classname="tests.ingest.test_pdf_writer.TestHappyPath" name="test_writes_title_author_doi_and_returns_both_hashes" time="0.002" /><testcase classname="tests.ingest.test_pdf_writer.TestIdempotency" name="test_second_patch_with_same_target_is_noop" time="0.001" /><testcase classname="tests.ingest.test_pdf_writer.TestNoopPaths" name="test_empty_patchinfo_is_noop" time="0.001" /><testcase classname="tests.ingest.test_pdf_writer.TestOffSwitch" name="test_disabled_via_env_var[0]" time="0.001" /><testcase classname="tests.ingest.test_pdf_writer.TestOffSwitch" name="test_disabled_via_env_var[false]" time="0.001" /><testcase classname="tests.ingest.test_pdf_writer.TestOffSwitch" name="test_disabled_via_env_var[no]" time="0.001" /><testcase classname="tests.ingest.test_pdf_writer.TestOffSwitch" name="test_disabled_via_env_var[off]" time="0.001" /><testcase classname="tests.ingest.test_pdf_writer.TestOffSwitch" name="test_disabled_via_env_var[]" time="0.001" /><testcase classname="tests.ingest.test_pdf_writer.TestOffSwitch" name="test_enabled_by_default_when_var_unset" time="0.001" /><testcase classname="tests.ingest.test_pdf_writer.TestPreHashReuse" name="test_supplied_pre_hash_is_returned_verbatim" time="0.001" /><testcase classname="tests.ingest.test_pdf_writer.TestXmpWrite" name="test_doi_lands_in_xmp_as_dc_identifier" time="0.001" /><testcase classname="tests.ingest.test_pdf_writer.TestXmpWrite" name="test_arxiv_lands_in_xmp_as_prism_url" time="0.001" /><testcase classname="tests.ingest.test_pdf_writer.TestXmpWrite" name="test_xml_escaping_handles_ampersands_and_brackets" time="0.001" /><testcase classname="tests.ingest.test_pdf_writer.TestXmpWrite" name="test_second_patch_with_matching_xmp_is_noop" time="0.003" /><testcase classname="tests.ingest.test_pdf_writer.TestSignedPdfSkip" name="test_signature_widget_triggers_skip" time="0.003" /><testcase classname="tests.ingest.test_pdf_writer.TestSignedPdfSkip" name="test_form_pdf_without_signature_still_patches" time="0.001" /><testcase classname="tests.ingest.test_pipeline.TestBlocksToChunks" name="test_empty_input_yields_empty_list" time="0.000" /><testcase classname="tests.ingest.test_pipeline.TestBlocksToChunks" name="test_simple_paragraph_block" time="0.000" /><testcase classname="tests.ingest.test_pipeline.TestBlocksToChunks" name="test_skipped_types_dont_consume_ord" time="0.000" /><testcase classname="tests.ingest.test_pipeline.TestBlocksToChunks" name="test_unknown_type_falls_back_to_paragraph" time="0.000" /><testcase classname="tests.ingest.test_pipeline.TestBlocksToChunks" name="test_empty_text_is_dropped" time="0.000" /><testcase classname="tests.ingest.test_pipeline.TestBlocksToChunks" name="test_section_path_passed_through" time="0.000" /><testcase classname="tests.ingest.test_pipeline.TestBlocksToChunks" name="test_numerics_extracted_per_chunk" time="0.000" /><testcase classname="tests.ingest.test_pipeline.TestBlocksToChunks" name="test_numerics_empty_when_text_has_no_units" time="0.000" /><testcase classname="tests.ingest.test_pipeline.TestRetagReferences" name="test_references_chunks_retagged" time="0.000" /><testcase classname="tests.ingest.test_pipeline.TestRetagReferences" name="test_empty_input_passes_through" time="0.000" /><testcase classname="tests.ingest.test_pipeline.TestRetagReferences" name="test_no_references_section_no_change" time="0.000" /><testcase classname="tests.ingest.test_pipeline.TestRetagReferences" name="test_already_tagged_idempotent" time="0.000" /><testcase classname="tests.ingest.test_pipeline.TestRetagReferences" name="test_no_body_chunks_unchanged" time="0.000" /><testcase classname="tests.ingest.test_pipeline.TestBuildCards" name="test_minimal_yields_card_combined_only" time="0.000" /><testcase classname="tests.ingest.test_pipeline.TestBuildCards" name="test_card_kinds_only_emitted_when_input_present" time="0.000" /><testcase classname="tests.ingest.test_pipeline.TestBuildCards" name="test_card_combined_concatenates_fields" time="0.000" /><testcase classname="tests.ingest.test_pipeline.TestResolveIdentity" name="test_doi_input_yields_pub_id" time="0.000" /><testcase classname="tests.ingest.test_pipeline.TestResolveIdentity" name="test_pdf_only_has_no_pub_id" time="0.000" /><testcase classname="tests.ingest.test_pipeline.TestResolveIdentity" name="test_arxiv_input_takes_priority" time="0.000" /><testcase classname="tests.ingest.test_pipeline.TestExtractPaper" name="test_missing_pdf_raises" time="0.000" /><testcase classname="tests.ingest.test_pipeline.TestExtractPaper" name="test_full_flow_with_stubbed_marker" time="0.001" /><testcase classname="tests.ingest.test_pipeline.TestExtractPaper" name="test_no_metadata_still_yields_card_combined" time="0.000" /><testcase classname="tests.ingest.test_pipeline.TestFetchPaperByDoi" name="test_invalid_doi_raises" time="0.487" /><testcase classname="tests.ingest.test_pipeline.TestFetchPaperByDoi" name="test_crossref_miss_raises" time="0.002" /><testcase classname="tests.ingest.test_pipeline.TestFetchPaperByDoi" name="test_full_flow" time="0.001" /><testcase classname="tests.ingest.test_pipeline.TestFetchPaperByArxiv" name="test_invalid_arxiv_raises" time="0.000" /><testcase classname="tests.ingest.test_pipeline.TestFetchPaperByArxiv" name="test_s2_miss_raises" time="0.001" /><testcase classname="tests.ingest.test_pipeline.TestFetchPaperByArxiv" name="test_arxiv_pulls_doi_when_present" time="0.000" /><testcase classname="tests.ingest.test_pipeline.TestPaperToWriteContract" name="test_extract_paper_satisfies_writer_invariants" time="0.001" /><testcase classname="tests.ingest.test_pipeline.TestRepairOrFailMojibake" name="test_repairs_em_dash_between_words" time="0.000" /><testcase classname="tests.ingest.test_pipeline.TestRepairOrFailMojibake" name="test_passes_through_text_without_fffd" time="0.000" /><testcase classname="tests.ingest.test_pipeline.TestRepairOrFailMojibake" name="test_fails_on_unrepairable_fffd" time="0.000" /><testcase classname="tests.ingest.test_pipeline.TestRepairOrFailMojibake" name="test_error_message_includes_paper_page_and_pdf" time="0.000" /><testcase classname="tests.ingest.test_pipeline.TestRepairOrFailMojibake" name="test_empty_input_returns_empty" time="0.000" /><testcase classname="tests.ingest.test_pipeline.TestRepairOrFailMojibake" name="test_regex_does_not_match_digit_or_punctuation" time="0.000" /><testcase classname="tests.ingest.test_provenance.TestValidateDoi" name="test_bare_doi" time="0.000" /><testcase classname="tests.ingest.test_provenance.TestValidateDoi" name="test_lowercases" time="0.000" /><testcase classname="tests.ingest.test_provenance.TestValidateDoi" name="test_strips_doi_prefix" time="0.000" /><testcase classname="tests.ingest.test_provenance.TestValidateDoi" name="test_strips_doi_prefix_uppercase" time="0.000" /><testcase classname="tests.ingest.test_provenance.TestValidateDoi" name="test_strips_url_form" time="0.000" /><testcase classname="tests.ingest.test_provenance.TestValidateDoi" name="test_strips_dx_url_form" time="0.000" /><testcase classname="tests.ingest.test_provenance.TestValidateDoi" name="test_whitespace_stripped" time="0.000" /><testcase classname="tests.ingest.test_provenance.TestValidateDoi" name="test_rejects_empty" time="0.000" /><testcase classname="tests.ingest.test_provenance.TestValidateDoi" name="test_rejects_garbage" time="0.000" /><testcase classname="tests.ingest.test_provenance.TestValidateDoi" name="test_rejects_short_registrant" time="0.000" /><testcase classname="tests.ingest.test_provenance.TestValidateDoi" name="test_rejects_no_slash" time="0.000" /><testcase classname="tests.ingest.test_provenance.TestValidateDoi" name="test_rejects_no_suffix" time="0.000" /><testcase classname="tests.ingest.test_provenance.TestClassifyUpdateType" name="test_retraction_is_blocker" time="0.000" /><testcase classname="tests.ingest.test_provenance.TestClassifyUpdateType" name="test_partial_retraction_is_blocker" time="0.000" /><testcase classname="tests.ingest.test_provenance.TestClassifyUpdateType" name="test_withdrawal_is_blocker" time="0.000" /><testcase classname="tests.ingest.test_provenance.TestClassifyUpdateType" name="test_eoc_is_review" time="0.000" /><testcase classname="tests.ingest.test_provenance.TestClassifyUpdateType" name="test_corrigendum_is_note" time="0.000" /><testcase classname="tests.ingest.test_provenance.TestClassifyUpdateType" name="test_erratum_is_note" time="0.000" /><testcase classname="tests.ingest.test_provenance.TestClassifyUpdateType" name="test_addendum_is_info" time="0.000" /><testcase classname="tests.ingest.test_provenance.TestClassifyUpdateType" name="test_clarification_is_info" time="0.000" /><testcase classname="tests.ingest.test_provenance.TestClassifyUpdateType" name="test_new_version_is_unmapped" time="0.000" /><testcase classname="tests.ingest.test_provenance.TestClassifyUpdateType" name="test_unknown_returns_none" time="0.000" /><testcase classname="tests.ingest.test_provenance.TestClassifyUpdateType" name="test_case_insensitive" time="0.000" /><testcase classname="tests.ingest.test_provenance.TestClassifyUpdateType" name="test_hyphen_vs_underscore" time="0.000" /><testcase classname="tests.ingest.test_provenance.TestMakeNoticeSlug" name="test_retraction" time="0.000" /><testcase classname="tests.ingest.test_provenance.TestMakeNoticeSlug" name="test_correction" time="0.000" /><testcase classname="tests.ingest.test_provenance.TestMakeNoticeSlug" name="test_concern" time="0.000" /><testcase classname="tests.ingest.test_provenance.TestMakeNoticeSlug" name="test_sequence" time="0.000" /><testcase classname="tests.ingest.test_provenance.TestDominantStatus" name="test_empty" time="0.000" /><testcase classname="tests.ingest.test_provenance.TestDominantStatus" name="test_single" time="0.000" /><testcase classname="tests.ingest.test_provenance.TestDominantStatus" name="test_retraction_dominates" time="0.000" /><testcase classname="tests.ingest.test_provenance.TestDominantStatus" name="test_eoc_dominates_correction" time="0.000" /><testcase classname="tests.ingest.test_provenance.TestCheckDoiNoStore" name="test_malformed_returns_early" time="0.000" /><testcase classname="tests.ingest.test_provenance.TestCheckDoiNoStore" name="test_unknown_doi" time="0.000" /><testcase classname="tests.ingest.test_provenance.TestCheckDoiNoStore" name="test_check_failed_on_exception" time="0.000" /><testcase classname="tests.ingest.test_provenance.TestCheckDoiNoStore" name="test_clean_paper" time="0.000" /><testcase classname="tests.ingest.test_provenance.TestCheckDoiNoStore" name="test_retracted_paper" time="0.000" /><testcase classname="tests.ingest.test_provenance.TestCheckDoiNoStore" name="test_eoc_paper" time="0.000" /><testcase classname="tests.ingest.test_provenance.TestCheckDoiNoStore" name="test_multi_notice_chronological" time="0.000" /><testcase classname="tests.ingest.test_provenance.TestCheckDoiNoStore" name="test_canonicalises_doi_in_result" time="0.000" /><testcase classname="tests.ingest.test_provenance.TestOverallSeverity" name="test_no_notices_is_info" time="0.000" /><testcase classname="tests.ingest.test_provenance.TestOverallSeverity" name="test_picks_highest" time="0.000" /><testcase classname="tests.ingest.test_provenance.TestParseDoiList" name="test_comma_separated" time="0.000" /><testcase classname="tests.ingest.test_provenance.TestParseDoiList" name="test_whitespace_separated" time="0.000" /><testcase classname="tests.ingest.test_provenance.TestParseDoiList" name="test_newline_separated" time="0.000" /><testcase classname="tests.ingest.test_provenance.TestParseDoiList" name="test_strips_comments" time="0.000" /><testcase classname="tests.ingest.test_provenance.TestParseDoiList" name="test_strips_bullets" time="0.000" /><testcase classname="tests.ingest.test_provenance.TestParseDoiList" name="test_preserves_order" time="0.000" /><testcase classname="tests.ingest.test_provenance.TestParseDoiList" name="test_keeps_duplicates" time="0.000" /><testcase classname="tests.ingest.test_provenance.TestParseDoiList" name="test_empty_input" time="0.000" /><testcase classname="tests.ingest.test_provenance.TestParseDoiList" name="test_malformed_tokens_passed_through" time="0.000" /><testcase classname="tests.ingest.test_provenance.TestCheckDois" name="test_empty_input" time="0.000" /><testcase classname="tests.ingest.test_provenance.TestCheckDois" name="test_single_doi_fast_path" time="0.000" /><testcase classname="tests.ingest.test_provenance.TestCheckDois" name="test_order_preserved" time="0.001" /><testcase classname="tests.ingest.test_provenance.TestCheckDois" name="test_failure_isolation" time="0.001" /><testcase classname="tests.ingest.test_provenance.TestCheckDois" name="test_mixed_statuses_in_batch" time="0.000" /><testcase classname="tests.ingest.test_provenance.TestRenderBatch" name="test_empty" time="0.000" /><testcase classname="tests.ingest.test_provenance.TestRenderBatch" name="test_default_view_groups_by_severity" time="0.000" /><testcase classname="tests.ingest.test_provenance.TestRenderBatch" name="test_blockers_view_hides_low_severity" time="0.000" /><testcase classname="tests.ingest.test_provenance.TestRenderBatch" name="test_json_view_is_valid_json" time="0.000" /><testcase classname="tests.ingest.test_provenance.TestRenderBatch" name="test_default_view_surfaces_malformed" time="0.000" /><testcase classname="tests.ingest.test_provenance.TestRenderBatch" name="test_default_view_surfaces_check_failed" time="0.000" /><testcase classname="tests.ingest.test_provenance.TestInputIndex" name="test_index_preserved_in_input_order" time="0.001" /><testcase classname="tests.ingest.test_provenance.TestInputIndex" name="test_single_doi_batch_gets_index_one" time="0.000" /><testcase classname="tests.ingest.test_provenance.TestInputIndex" name="test_direct_check_doi_index_zero" time="0.000" /><testcase classname="tests.ingest.test_provenance.TestInputIndex" name="test_failed_result_still_carries_index" time="0.001" /><testcase classname="tests.ingest.test_provenance.TestInputIndex" name="test_malformed_input_keeps_position" time="0.000" /><testcase classname="tests.ingest.test_provenance.TestInputIndex" name="test_index_renders_in_default_view" time="0.000" /><testcase classname="tests.ingest.test_provenance.TestInputIndex" name="test_index_renders_in_blockers_view_skipping_hidden" time="0.000" /><testcase classname="tests.ingest.test_provenance.TestInputIndex" name="test_index_in_json_view" time="0.000" /><testcase classname="tests.ingest.test_provenance.TestInputIndex" name="test_index_renders_for_malformed_unknown" time="0.000" /><testcase classname="tests.ingest.test_provenance.TestInputIndex" name="test_zero_index_renders_no_prefix" time="0.000" /><testcase classname="tests.ingest.test_provenance_phase5.TestCandidateSearch" name="test_basic_search" time="0.000" /><testcase classname="tests.ingest.test_provenance_phase5.TestCandidateSearch" name="test_empty_when_no_title" time="0.000" /><testcase classname="tests.ingest.test_provenance_phase5.TestCandidateSearch" name="test_skips_items_without_doi" time="0.000" /><testcase classname="tests.ingest.test_provenance_phase5.TestCheckDoiCandidates" name="test_404_with_hints_emits_candidates" time="0.000" /><testcase classname="tests.ingest.test_provenance_phase5.TestCheckDoiCandidates" name="test_404_no_hints_no_candidates" time="0.000" /><testcase classname="tests.ingest.test_provenance_phase5.TestCheckDoiCandidates" name="test_404_flag_off_no_candidates" time="0.000" /><testcase classname="tests.ingest.test_provenance_phase5.TestCheckDoiCandidates" name="test_resolved_doi_no_candidates_even_with_flag" time="0.000" /><testcase classname="tests.ingest.test_provenance_phase5.TestRenderCandidates" name="test_render_single_shows_candidates" time="0.000" /><testcase classname="tests.ingest.test_provenance_phase5.TestRenderCandidates" name="test_render_batch_default_shows_candidates" time="0.000" /><testcase classname="tests.ingest.test_provenance_phase5.TestRenderCandidates" name="test_render_batch_json_includes_candidates" time="0.000" /><testcase classname="tests.ingest.test_provenance_phase5.TestRenderCandidates" name="test_no_candidates_no_advisory_text" time="0.000" /><testcase classname="tests.ingest.test_provenance_phase5.TestRenderExists" name="test_mixed_batch" time="0.000" /><testcase classname="tests.ingest.test_provenance_phase5.TestRenderExists" name="test_all_clean" time="0.000" /><testcase classname="tests.ingest.test_provenance_phase5.TestRenderExists" name="test_empty" time="0.000" /><testcase classname="tests.ingest.test_provenance_phase6.TestClassifyRwNature" name="test_retraction" time="0.000" /><testcase classname="tests.ingest.test_provenance_phase6.TestClassifyRwNature" name="test_partial_retraction" time="0.000" /><testcase classname="tests.ingest.test_provenance_phase6.TestClassifyRwNature" name="test_expression_of_concern" time="0.000" /><testcase classname="tests.ingest.test_provenance_phase6.TestClassifyRwNature" name="test_correction" time="0.000" /><testcase classname="tests.ingest.test_provenance_phase6.TestClassifyRwNature" name="test_reinstatement_unmapped" time="0.000" /><testcase classname="tests.ingest.test_provenance_phase6.TestClassifyRwNature" name="test_unknown_returns_none" time="0.000" /><testcase classname="tests.ingest.test_provenance_phase6.TestRwRowToNotice" name="test_basic" time="0.000" /><testcase classname="tests.ingest.test_provenance_phase6.TestRwRowToNotice" name="test_empty_notice_doi_handled" time="0.000" /><testcase classname="tests.ingest.test_provenance_phase6.TestRwRowToNotice" name="test_unclassified_nature_dropped" time="0.000" /><testcase classname="tests.ingest.test_provenance_phase6.TestMergeCrossrefAndRwNotices" name="test_no_rw_rows_passthrough" time="0.000" /><testcase classname="tests.ingest.test_provenance_phase6.TestMergeCrossrefAndRwNotices" name="test_exact_doi_match_enriches_and_does_not_synthesize" time="0.000" /><testcase classname="tests.ingest.test_provenance_phase6.TestMergeCrossrefAndRwNotices" name="test_rw_only_synthesised_when_no_crossref" time="0.000" /><testcase classname="tests.ingest.test_provenance_phase6.TestMergeCrossrefAndRwNotices" name="test_partial_overlap" time="0.000" /><testcase classname="tests.ingest.test_provenance_phase6.TestMergeCrossrefAndRwNotices" name="test_synthesize_skipped_when_disabled" time="0.000" /><testcase classname="tests.ingest.test_provenance_phase6.TestCheckDoiRwFallback" name="test_crossref_clean_rw_has_retraction" time="0.000" /><testcase classname="tests.ingest.test_provenance_phase6.TestCheckDoiRwFallback" name="test_crossref_404_rw_has_retraction" time="0.000" /><testcase classname="tests.ingest.test_provenance_phase6.TestCheckDoiRwFallback" name="test_crossref_fails_rw_has_retraction" time="0.000" /><testcase classname="tests.ingest.test_provenance_phase6.TestCheckDoiRwFallback" name="test_crossref_404_rw_empty_still_unknown" time="0.000" /><testcase classname="tests.ingest.test_provenance_phase6.TestCheckDoiRwFallback" name="test_crossref_fails_rw_empty_still_check_failed" time="0.000" /><testcase classname="tests.ingest.test_provenance_phase6.TestCheckDoiRwFallback" name="test_no_store_skips_rw_lookup" time="0.000" /><testcase classname="tests.ingest.test_provenance_phase6.TestRenderRwOnly" name="test_rw_only_notice_shows_rw_label" time="0.000" /><testcase classname="tests.ingest.test_provenance_phase6.TestRenderRwOnly" name="test_empty_notice_doi_omitted" time="0.000" /><testcase classname="tests.ingest.test_provenance_phase6.TestRenderRwOnly" name="test_degraded_source_banner_in_render_single" time="0.000" /><testcase classname="tests.ingest.test_provenance_rw.TestParseRwRows" name="test_basic_row" time="0.003" /><testcase classname="tests.ingest.test_provenance_rw.TestParseRwRows" name="test_doi_canonicalisation" time="0.000" /><testcase classname="tests.ingest.test_provenance_rw.TestParseRwRows" name="test_skip_missing_paper_doi" time="0.000" /><testcase classname="tests.ingest.test_provenance_rw.TestParseRwRows" name="test_skip_missing_record_id" time="0.000" /><testcase classname="tests.ingest.test_provenance_rw.TestParseRwRows" name="test_skip_malformed_record_id" time="0.000" /><testcase classname="tests.ingest.test_provenance_rw.TestParseRwRows" name="test_unparseable_date_is_none" time="0.000" /><testcase classname="tests.ingest.test_provenance_rw.TestParseRwRows" name="test_header_variant_tolerance" time="0.000" /><testcase classname="tests.ingest.test_provenance_rw.TestParseRwRows" name="test_multivalue_reasons" time="0.000" /><testcase classname="tests.ingest.test_provenance_rw.TestParseRwRows" name="test_empty_input" time="0.000" /><testcase classname="tests.ingest.test_provenance_rw.TestParseRwRows" name="test_header_only" time="0.000" /><testcase classname="tests.ingest.test_provenance_rw.TestEnrichNoticesWithRw" name="test_exact_doi_match" time="0.000" /><testcase classname="tests.ingest.test_provenance_rw.TestEnrichNoticesWithRw" name="test_no_match_leaves_notice_alone" time="0.000" /><testcase classname="tests.ingest.test_provenance_rw.TestEnrichNoticesWithRw" name="test_fallback_by_nature" time="0.000" /><testcase classname="tests.ingest.test_provenance_rw.TestEnrichNoticesWithRw" name="test_fallback_skipped_when_ambiguous" time="0.000" /><testcase classname="tests.ingest.test_provenance_rw.TestEnrichNoticesWithRw" name="test_empty_cache_passthrough" time="0.000" /><testcase classname="tests.ingest.test_provenance_rw.TestEnrichNoticesWithRw" name="test_multiple_notices_partially_matched" time="0.000" /><testcase classname="tests.ingest.test_provenance_rw.TestRendererSurfacesReasons" name="test_format_notice_line_with_reasons" time="0.000" /><testcase classname="tests.ingest.test_provenance_rw.TestRendererSurfacesReasons" name="test_format_notice_line_truncates_long_reason_list" time="0.000" /><testcase classname="tests.ingest.test_provenance_rw.TestRendererSurfacesReasons" name="test_format_notice_line_without_reasons_unchanged" time="0.000" /><testcase classname="tests.ingest.test_provenance_transitive.TestExtractCitedDois" name="test_basic" time="0.000" /><testcase classname="tests.ingest.test_provenance_transitive.TestExtractCitedDois" name="test_canonicalises_doi" time="0.000" /><testcase classname="tests.ingest.test_provenance_transitive.TestExtractCitedDois" name="test_skips_references_without_doi" time="0.000" /><testcase classname="tests.ingest.test_provenance_transitive.TestExtractCitedDois" name="test_deduplicates" time="0.000" /><testcase classname="tests.ingest.test_provenance_transitive.TestExtractCitedDois" name="test_filters_malformed" time="0.000" /><testcase classname="tests.ingest.test_provenance_transitive.TestExtractCitedDois" name="test_empty_reference_list" time="0.000" /><testcase classname="tests.ingest.test_provenance_transitive.TestCheckCitedDoi" name="test_returns_none_for_clean" time="0.000" /><testcase classname="tests.ingest.test_provenance_transitive.TestCheckCitedDoi" name="test_returns_finding_for_retracted" time="0.000" /><testcase classname="tests.ingest.test_provenance_transitive.TestCheckCitedDoi" name="test_returns_finding_for_eoc" time="0.000" /><testcase classname="tests.ingest.test_provenance_transitive.TestCheckCitedDoi" name="test_filters_corrigendum" time="0.000" /><testcase classname="tests.ingest.test_provenance_transitive.TestCheckCitedDoi" name="test_404_treated_as_clean" time="0.000" /><testcase classname="tests.ingest.test_provenance_transitive.TestCheckCitedDoi" name="test_transport_error_treated_as_clean" time="0.000" /><testcase classname="tests.ingest.test_provenance_transitive.TestCheckCitedDoi" name="test_cache_dedup" time="0.000" /><testcase classname="tests.ingest.test_provenance_transitive.TestCheckDoiTransitive" name="test_clean_paper_with_retracted_citation" time="0.000" /><testcase classname="tests.ingest.test_provenance_transitive.TestCheckDoiTransitive" name="test_transitive_off_skips_cite_walk" time="0.000" /><testcase classname="tests.ingest.test_provenance_transitive.TestCheckDoisTransitive" name="test_dedup_across_parents" time="0.000" /><testcase classname="tests.ingest.test_provenance_transitive.TestRenderCiteFindings" name="test_default_view_promotes_to_review_bucket" time="0.000" /><testcase classname="tests.ingest.test_provenance_transitive.TestRenderCiteFindings" name="test_blockers_view_shows_clean_citer" time="0.000" /><testcase classname="tests.ingest.test_provenance_transitive.TestRenderCiteFindings" name="test_json_view_includes_cited_findings" time="0.000" /><testcase classname="tests.ingest.test_provenance_transitive.TestRenderCiteFindings" name="test_no_cite_findings_no_section" time="0.000" /><testcase classname="tests.ingest.test_provenance_verify.TestNormalisedTokenSets" name="test_nfkd_strips_diacritics" time="0.000" /><testcase classname="tests.ingest.test_provenance_verify.TestNormalisedTokenSets" name="test_nfkd_handles_naive" time="0.000" /><testcase classname="tests.ingest.test_provenance_verify.TestNormalisedTokenSets" name="test_nfkd_handles_subscripts" time="0.000" /><testcase classname="tests.ingest.test_provenance_verify.TestNormalisedTokenSets" name="test_nfkd_handles_superscripts" time="0.000" /><testcase classname="tests.ingest.test_provenance_verify.TestNormalisedTokenSets" name="test_nfkd_handles_ligatures" time="0.000" /><testcase classname="tests.ingest.test_provenance_verify.TestNormalisedTokenSets" name="test_german_phonetic_muller" time="0.000" /><testcase classname="tests.ingest.test_provenance_verify.TestNormalisedTokenSets" name="test_german_phonetic_schroder" time="0.000" /><testcase classname="tests.ingest.test_provenance_verify.TestNormalisedTokenSets" name="test_german_phonetic_weiss" time="0.000" /><testcase classname="tests.ingest.test_provenance_verify.TestNormalisedTokenSets" name="test_stopwords_dropped" time="0.000" /><testcase classname="tests.ingest.test_provenance_verify.TestNormalisedTokenSets" name="test_punctuation_replaced_with_space" time="0.000" /><testcase classname="tests.ingest.test_provenance_verify.TestJaccard" name="test_full_overlap" time="0.000" /><testcase classname="tests.ingest.test_provenance_verify.TestJaccard" name="test_no_overlap" time="0.000" /><testcase classname="tests.ingest.test_provenance_verify.TestJaccard" name="test_partial" time="0.000" /><testcase classname="tests.ingest.test_provenance_verify.TestJaccard" name="test_both_empty" time="0.000" /><testcase classname="tests.ingest.test_provenance_verify.TestJaccard" name="test_one_empty" time="0.000" /><testcase classname="tests.ingest.test_provenance_verify.TestBestJaccard" name="test_title_word_order_invariant" time="0.000" /><testcase classname="tests.ingest.test_provenance_verify.TestBestJaccard" name="test_substantive_difference_penalised" time="0.000" /><testcase classname="tests.ingest.test_provenance_verify.TestBestJaccard" name="test_diacritic_invariant" time="0.000" /><testcase classname="tests.ingest.test_provenance_verify.TestSurnameMatches" name="test_exact" time="0.000" /><testcase classname="tests.ingest.test_provenance_verify.TestSurnameMatches" name="test_case_insensitive" time="0.000" /><testcase classname="tests.ingest.test_provenance_verify.TestSurnameMatches" name="test_diacritic_nfkd" time="0.000" /><testcase classname="tests.ingest.test_provenance_verify.TestSurnameMatches" name="test_german_phonetic" time="0.000" /><testcase classname="tests.ingest.test_provenance_verify.TestSurnameMatches" name="test_schroder_phonetic" time="0.000" /><testcase classname="tests.ingest.test_provenance_verify.TestSurnameMatches" name="test_different_surnames" time="0.000" /><testcase classname="tests.ingest.test_provenance_verify.TestSurnameMatches" name="test_empty_supplied" time="0.000" /><testcase classname="tests.ingest.test_provenance_verify.TestSurnameMatches" name="test_ascii_ascii_german_fold" time="0.000" /><testcase classname="tests.ingest.test_provenance_verify.TestSurnameMatches" name="test_known_false_positives_accepted" time="0.000" /><testcase classname="tests.ingest.test_provenance_verify.TestSurnameMatches" name="test_substantively_different_surnames_still_rejected" time="0.000" /><testcase classname="tests.ingest.test_provenance_verify.TestVerifyAgainstCrossref" name="test_perfect_match" time="0.000" /><testcase classname="tests.ingest.test_provenance_verify.TestVerifyAgainstCrossref" name="test_title_mismatch" time="0.000" /><testcase classname="tests.ingest.test_provenance_verify.TestVerifyAgainstCrossref" name="test_first_author_mismatch" time="0.000" /><testcase classname="tests.ingest.test_provenance_verify.TestVerifyAgainstCrossref" name="test_first_author_german_phonetic_match" time="0.000" /><testcase classname="tests.ingest.test_provenance_verify.TestVerifyAgainstCrossref" name="test_year_off_by_one" time="0.000" /><testcase classname="tests.ingest.test_provenance_verify.TestVerifyAgainstCrossref" name="test_year_mismatch" time="0.000" /><testcase classname="tests.ingest.test_provenance_verify.TestVerifyAgainstCrossref" name="test_unchecked_when_field_missing" time="0.000" /><testcase classname="tests.ingest.test_provenance_verify.TestCheckDoiWithBibEntry" name="test_verification_populated_when_bib_supplied" time="0.000" /><testcase classname="tests.ingest.test_provenance_verify.TestCheckDoiWithBibEntry" name="test_no_verification_when_bib_omitted" time="0.000" /><testcase classname="tests.ingest.test_provenance_verify.TestCheckDoisWithBibEntries" name="test_positional_pairing" time="0.001" /><testcase classname="tests.ingest.test_provenance_verify.TestCheckDoisWithBibEntries" name="test_mismatched_length_raises" time="0.000" /><testcase classname="tests.ingest.test_provenance_verify.TestRenderVerifyView" name="test_verify_view_surfaces_mismatch" time="0.000" /><testcase classname="tests.ingest.test_provenance_verify.TestRenderVerifyView" name="test_verify_view_hides_clean" time="0.000" /><testcase classname="tests.ingest.test_provenance_verify.TestRenderVerifyView" name="test_default_view_omits_mismatch_section" time="0.000" /><testcase classname="tests.ingest.test_provenance_verify.TestHandlerStructuredInput" name="test_parse_structured_input_list" time="0.001" /><testcase classname="tests.ingest.test_provenance_verify.TestHandlerStructuredInput" name="test_parse_structured_input_single_object" time="0.000" /><testcase classname="tests.ingest.test_provenance_verify.TestHandlerStructuredInput" name="test_parse_structured_input_returns_none_for_plain_doi" time="0.000" /><testcase classname="tests.ingest.test_provenance_verify.TestHandlerStructuredInput" name="test_parse_structured_input_authors_object_form" time="0.000" /><testcase
[...]
pt_root" time="0.000" /><testcase classname="tests.test_url.TestCanonicalUrl" name="test_strips_fragment_on_normal_host" time="0.000" /><testcase classname="tests.test_url.TestCanonicalUrl" name="test_keeps_fragment_on_spa_host" time="0.000" /><testcase classname="tests.test_url.TestCanonicalUrl" name="test_keeps_fragment_on_github" time="0.000" /><testcase classname="tests.test_url.TestCanonicalUrl" name="test_idempotent" time="0.000" /><testcase classname="tests.test_url.TestCanonicalUrl" name="test_empty_raises" time="0.000" /><testcase classname="tests.test_url.TestCanonicalUrl" name="test_no_scheme_raises" time="0.000" /><testcase classname="tests.test_url.TestCanonicalUrl" name="test_no_host_raises" time="0.000" /><testcase classname="tests.test_url.TestIsHttpUrl" name="test_http" time="0.000" /><testcase classname="tests.test_url.TestIsHttpUrl" name="test_https" time="0.000" /><testcase classname="tests.test_url.TestIsHttpUrl" name="test_ftp_rejected" time="0.000" /><testcase classname="tests.test_url.TestIsHttpUrl" name="test_no_scheme_rejected" time="0.001" /><testcase classname="tests.test_url.TestIsHttpUrl" name="test_garbage_rejected" time="0.000" /><testcase classname="tests.test_url.TestSlugFromUrl" name="test_simple" time="0.000" /><testcase classname="tests.test_url.TestSlugFromUrl" name="test_strips_www" time="0.000" /><testcase classname="tests.test_url.TestSlugFromUrl" name="test_path_segments" time="0.000" /><testcase classname="tests.test_url.TestSlugFromUrl" name="test_arxiv" time="0.000" /><testcase classname="tests.test_url.TestSlugFromUrl" name="test_caps_at_max_len" time="0.000" /><testcase classname="tests.test_url.TestSlugFromUrl" name="test_skips_dotted_segments" time="0.000" /><testcase classname="tests.test_url.TestSlugFromUrl" name="test_caps_path_depth" time="0.000" /><testcase classname="tests.test_url.TestHostOf" name="test_simple" time="0.000" /><testcase classname="tests.test_url.TestHostOf" name="test_strips_www" time="0.000" /><testcase classname="tests.test_url.TestHostOf" name="test_uppercase" time="0.000" /><testcase classname="tests.test_url.TestHostOf" name="test_garbage" time="0.000" /><testcase classname="tests.test_watch.TestIsPdf" name="test_lowercase_pdf" time="0.000" /><testcase classname="tests.test_watch.TestIsPdf" name="test_uppercase_pdf" time="0.000" /><testcase classname="tests.test_watch.TestIsPdf" name="test_mixed_case" time="0.000" /><testcase classname="tests.test_watch.TestIsPdf" name="test_other_suffix" time="0.000" /><testcase classname="tests.test_watch.TestShouldSkip" name="test_inside_errors_dir" time="0.001" /><testcase classname="tests.test_watch.TestShouldSkip" name="test_inside_completed_dir" time="0.000" /><testcase classname="tests.test_watch.TestShouldSkip" name="test_normal_path_not_skipped" time="0.000" /><testcase classname="tests.test_watch.TestShouldSkip" name="test_outside_watch_dir_skipped" time="0.000" /><testcase classname="tests.test_watch.TestBackfillSubprocess" name="test_batches_paths_into_subprocess_calls" time="0.001" /><testcase classname="tests.test_watch.TestBackfillSubprocess" name="test_in_process_when_batch_size_zero" time="0.001" /><testcase classname="tests.test_watch.TestBackfillSubprocess" name="test_k_shards_partition_round_robin" time="0.001" /><testcase classname="tests.test_watch.TestBackfillSubprocess" name="test_subprocess_command_threads_db_url_and_dirs" time="0.001" /><testcase classname="tests.test_watch.TestBackfillOrder" name="test_smaller_files_enqueued_first" time="0.001" /><testcase classname="tests.test_watch.TestBackfillOrder" name="test_managed_dirs_still_skipped" time="0.001" /><testcase classname="tests.test_watch.TestWaitStable" name="test_stable_file_returns_true" time="0.015" /><testcase classname="tests.test_watch.TestWaitStable" name="test_missing_file_returns_false" time="0.511" /><testcase classname="tests.test_watch.TestMoveTo" name="test_move_basic" time="0.001" /><testcase classname="tests.test_watch.TestMoveTo" name="test_move_creates_parent" time="0.001" /><testcase classname="tests.test_watch.TestMoveTo" name="test_move_conflict_renames_with_timestamp" time="0.001" /><testcase classname="tests.test_watch.TestMoveToCorpus" name="test_letter_sharded" time="0.001" /><testcase classname="tests.test_watch.TestMoveToCorpus" name="test_uppercase_first_letter_lowered" time="0.001" /><testcase classname="tests.test_watch.TestMoveToCorpus" name="test_non_alpha_first_char_falls_back_to_underscore" time="0.001" /><testcase classname="tests.test_watch.TestMoveToCorpus" name="test_existing_destination_renamed" time="0.001" /><testcase classname="tests.test_watch.TestWriteError" name="test_writes_error_file_with_traceback" time="0.001" /><testcase classname="tests.test_watch.TestProcessPdf" name="test_inserted_path_moves_to_corpus" time="0.016" /><testcase classname="tests.test_watch.TestProcessPdf" name="test_existed_path_moves_to_duplicates" time="0.015" /><testcase classname="tests.test_watch.TestProcessPdf" name="test_failure_path_moves_to_errors_with_traceback" time="0.017" /><testcase classname="tests.test_watch.TestProcessPdf" name="test_disappearing_file_returns_none" time="0.512" /><testcase classname="tests.test_watch.TestParserRegistration" name="test_watch_in_top_level_help" time="0.008" /><testcase classname="tests.test_watch.TestParserRegistration" name="test_watch_help_renders" time="0.006" /><testcase classname="tests.test_web" name="test_first_fetch_extracts_and_caches" time="0.066" /><testcase classname="tests.test_web" name="test_second_call_hits_cache" time="0.049" /><testcase classname="tests.test_web" name="test_get_by_slug_round_trips" time="0.045" /><testcase classname="tests.test_web" name="test_get_by_unknown_slug_still_raises_url_error" time="0.022" /><testcase classname="tests.test_web" name="test_canonicalization_collapses_variants" time="0.046" /><testcase classname="tests.test_web" name="test_non_url_raises" time="0.023" /><testcase classname="tests.test_web" name="test_ftp_url_rejected" time="0.023" /><testcase classname="tests.test_web" name="test_4xx_status_raises_upstream" time="0.024" /><testcase classname="tests.test_web" name="test_5xx_status_raises_upstream" time="0.023" /><testcase classname="tests.test_web" name="test_network_error_raises_upstream" time="0.024" /><testcase classname="tests.test_web" name="test_low_text_page_falls_back_to_stub" time="0.087" /><testcase classname="tests.test_web" name="test_extracts_title_from_html" time="0.000" /><testcase classname="tests.test_web" name="test_no_title_returns_none" time="0.000" /><testcase classname="tests.test_web" name="test_slug_uses_human_readable_form" time="0.046" /><testcase classname="tests.test_web" name="test_fetch_produces_multiple_blocks" time="0.041" /><testcase classname="tests.test_web" name="test_fetched_blocks_are_embedded" time="0.042" /><testcase classname="tests.test_web" name="test_search_finds_content_inside_fetched_page" time="0.045" /><testcase classname="tests.test_web" name="test_search_empty_query_raises" time="0.022" /><testcase classname="tests.test_web" name="test_search_no_hits_returns_recovery_hint" time="0.026" /><testcase classname="tests.test_web" name="test_tag_bookmark_open_tag" time="0.046" /><testcase classname="tests.test_web" name="test_tag_cache_pinned_closed_tag" time="0.043" /><testcase classname="tests.test_web" name="test_tag_before_fetch_raises_notfound" time="0.023" /><testcase classname="tests.test_web" name="test_tag_requires_add_or_remove" time="0.039" /><testcase classname="tests.test_web" name="test_untag_removes" time="0.104" /><testcase classname="tests.test_web" name="test_link_to_memory" time="0.048" /><testcase classname="tests.test_web" name="test_link_to_paper" time="0.051" /><testcase classname="tests.test_web" name="test_unlink_removes" time="0.058" /><testcase classname="tests.test_web" name="test_link_requires_target" time="0.041" /><testcase classname="tests.test_web" name="test_link_bad_mode_rejected" time="0.040" /><testcase classname="tests.test_web" name="test_kindspec_declares_search_tag_link" time="0.000" /><testcase classname="tests.test_worker_cli.TestParser" name="test_worker_subcommand_registered" time="0.002" /><testcase classname="tests.test_worker_cli.TestParser" name="test_worker_status_flag" time="0.002" /><testcase classname="tests.test_worker_cli.TestParser" name="test_worker_only_choices" time="0.002" /><testcase classname="tests.test_worker_cli.TestParser" name="test_worker_embedder_mock" time="0.002" /><testcase classname="tests.test_worker_cli.TestParser" name="test_worker_format_flag_defaults_to_none" time="0.003" /><testcase classname="tests.test_worker_cli.TestParser" name="test_worker_format_flag_accepts_choices" time="0.002" /><testcase classname="tests.test_worker_cli.TestBuildHandlers" name="test_default_includes_both" time="0.000" /><testcase classname="tests.test_worker_cli.TestBuildHandlers" name="test_only_embed_excludes_summarizer" time="0.000" /><testcase classname="tests.test_worker_cli.TestBuildHandlers" name="test_only_summarize_excludes_embedder" time="0.000" /><testcase classname="tests.test_worker_cli.TestBuildHandlers" name="test_summarizer_model_propagates" time="0.000" /><testcase classname="tests.test_worker_cli.TestPrintStatus" name="test_emits_toon_header_and_one_row_per_handler" time="0.024" /><testcase classname="tests.test_worker_cli.TestPrintStatus" name="test_format_table_renders_box_drawing" time="0.022" /><testcase classname="tests.test_worker_cli.TestPrintStatus" name="test_format_json_round_trips" time="0.022" /><testcase classname="tests.test_youtube" name="test_first_fetch_renders_transcript" time="0.029" /><testcase classname="tests.test_youtube" name="test_cache_hit_on_second_call" time="0.031" /><testcase classname="tests.test_youtube" name="test_cache_collapses_url_and_bare_id" time="0.032" /><testcase classname="tests.test_youtube" name="test_different_languages_cache_separately" time="0.037" /><testcase classname="tests.test_youtube" name="test_languages_view_lists_tracks" time="0.023" /><testcase classname="tests.test_youtube" name="test_languages_view_accepts_url" time="0.025" /><testcase classname="tests.test_youtube" name="test_transcripts_disabled_raises_not_found" time="0.023" /><testcase classname="tests.test_youtube" name="test_no_transcript_raises_not_found" time="0.023" /><testcase classname="tests.test_youtube" name="test_video_unavailable_raises_not_found" time="0.023" /><testcase classname="tests.test_youtube" name="test_generic_exception_raises_upstream" time="0.024" /><testcase classname="tests.test_youtube.TestExtractVideoId" name="test_bare_id" time="0.000" /><testcase classname="tests.test_youtube.TestExtractVideoId" name="test_youtu_be" time="0.000" /><testcase classname="tests.test_youtube.TestExtractVideoId" name="test_watch_url" time="0.000" /><testcase classname="tests.test_youtube.TestExtractVideoId" name="test_shorts" time="0.000" /><testcase classname="tests.test_youtube.TestExtractVideoId" name="test_embed" time="0.000" /><testcase classname="tests.test_youtube.TestExtractVideoId" name="test_mobile" time="0.000" /><testcase classname="tests.test_youtube.TestExtractVideoId" name="test_strips_extra_path" time="0.000" /><testcase classname="tests.test_youtube.TestExtractVideoId" name="test_garbage_raises" time="0.000" /><testcase classname="tests.test_youtube.TestExtractVideoId" name="test_bare_too_short_raises" time="0.000" /><testcase classname="tests.test_youtube.TestParseLanguages" name="test_default_en" time="0.000" /><testcase classname="tests.test_youtube.TestParseLanguages" name="test_single" time="0.000" /><testcase classname="tests.test_youtube.TestParseLanguages" name="test_multi" time="0.000" /><testcase classname="tests.test_youtube.TestParseLanguages" name="test_strips" time="0.000" /><testcase classname="tests.test_youtube.TestParseLanguages" name="test_empty_pieces_default" time="0.000" /><testcase classname="tests.workers.test_embed.TestEmbedHandlerPure" name="test_metadata_from_embedder" time="0.000" /><testcase classname="tests.workers.test_embed.TestEmbedHandlerPure" name="test_custom_model_name_propagates" time="0.000" /><testcase classname="tests.workers.test_embed.TestEmbedHandlerPure" name="test_process_returns_vector" time="0.000" /><testcase classname="tests.workers.test_embed.TestEmbedHandlerPure" name="test_process_empty_text_still_returns_vector" time="0.000" /><testcase classname="tests.workers.test_embed.TestEmbedHandlerWrites" name="test_write_ok_inserts_vector" time="0.031" /><testcase classname="tests.workers.test_embed.TestEmbedHandlerWrites" name="test_write_ok_idempotent_on_conflict_updates" time="0.034" /><testcase classname="tests.workers.test_embed.TestEmbedHandlerWrites" name="test_write_failed_inserts_marker" time="0.031" /><testcase classname="tests.workers.test_embed.TestEmbedHandlerWrites" name="test_write_failed_truncates_long_error" time="0.027" /><testcase classname="tests.workers.test_embed.TestEmbedHandlerWrites" name="test_write_failed_then_ok_marks_ok" time="0.030" /><testcase classname="tests.workers.test_embed.TestEmbedHandlerReferencesSkip" name="test_references_chunk_not_claimed" time="0.032" /><testcase classname="tests.workers.test_embed.TestEmbedHandlerReferencesSkip" name="test_skip_chunk_kinds_class_var" time="0.000" /><testcase classname="tests.workers.test_runner.TestRunHandlerOnce" name="test_empty_db_returns_zero_claimed" time="0.025" /><testcase classname="tests.workers.test_runner.TestRunHandlerOnce" name="test_drains_one_batch" time="0.039" /><testcase classname="tests.workers.test_runner.TestRunHandlerOnce" name="test_batch_size_limits_claim" time="0.039" /><testcase classname="tests.workers.test_runner.TestRunHandlerOnce" name="test_failed_process_writes_marker_continues" time="0.037" /><testcase classname="tests.workers.test_runner.TestRunHandlerOnce" name="test_failed_chunk_not_re_claimed" time="0.031" /><testcase classname="tests.workers.test_runner.TestRunHandlerOnce" name="test_invalid_batch_size_raises" time="0.021" /><testcase classname="tests.workers.test_runner.TestRunLoop" name="test_once_drains_then_returns" time="0.037" /><testcase classname="tests.workers.test_runner.TestRunLoop" name="test_once_with_no_handlers_is_noop" time="0.020" /><testcase classname="tests.workers.test_runner.TestRunLoop" name="test_once_handles_more_than_one_batch_pass" time="0.040" /><testcase classname="tests.workers.test_runner.TestRunLoop" name="test_should_stop_short_circuits" time="0.032" /><testcase classname="tests.workers.test_runner.TestRunLoop" name="test_continuous_mode_drains_then_stops_on_signal" time="0.053" /><testcase classname="tests.workers.test_segment_toc.TestBuildSegmentsHappyPath" name="test_writes_segments_and_sentences" time="0.146" /><testcase classname="tests.workers.test_segment_toc.TestBuildSegmentsHappyPath" name="test_idempotent_rerun_overwrites" time="0.233" /><testcase classname="tests.workers.test_segment_toc.TestBuildSegmentsEdgeCases" name="test_requires_embedder_and_embeddings" time="0.038" /><testcase classname="tests.workers.test_segment_toc.TestBuildSegmentsEdgeCases" name="test_empty_chunks_writes_nothing" time="0.025" /><testcase classname="tests.workers.test_segment_toc.TestClaimRefsWithoutSegments" name="test_returns_refs_with_body_chunks_but_no_segments" time="0.052" /><testcase classname="tests.workers.test_segment_toc.TestClaimRefsWithoutSegments" name="test_excludes_refs_with_existing_segments" time="0.099" /><testcase classname="tests.workers.test_segment_toc.TestClaimRefsWithoutSegments" name="test_excludes_refs_with_only_card_chunks" time="0.029" /><testcase classname="tests.workers.test_segment_toc.TestClaimRefsWithoutSegments" name="test_excludes_refs_with_only_references_chunks" time="0.026" /><testcase classname="tests.workers.test_segment_toc.TestClaimRefsWithoutSegments" name="test_respects_limit" time="0.089" /><testcase classname="tests.workers.test_segment_toc.TestClaimRefsWithoutSegments" name="test_zero_limit_rejected" time="0.019" /><testcase classname="tests.workers.test_status.TestStatus" name="test_empty_db_zero_everywhere" time="0.021" /><testcase classname="tests.workers.test_status.TestStatus" name="test_chunks_but_no_artifacts_all_pending" time="0.032" /><testcase classname="tests.workers.test_status.TestStatus" name="test_after_full_drain_zero_pending" time="0.034" /><testcase classname="tests.workers.test_status.TestStatus" name="test_failures_count_against_failed_not_pending" time="0.033" /><testcase classname="tests.workers.test_status.TestStatus" name="test_two_handlers_independent_per_model" time="0.040" /><testcase classname="tests.workers.test_status.TestStatus" name="test_status_ignores_other_models_in_same_table" time="0.033" /><testcase classname="tests.workers.test_summarize.TestExtractKeywords" name="test_empty_text_returns_empty" time="0.000" /><testcase classname="tests.workers.test_summarize.TestExtractKeywords" name="test_whitespace_only_returns_empty" time="0.000" /><testcase classname="tests.workers.test_summarize.TestExtractKeywords" name="test_stopword_only_returns_empty" time="0.000" /><testcase classname="tests.workers.test_summarize.TestExtractKeywords" name="test_single_phrase_extraction" time="0.000" /><testcase classname="tests.workers.test_summarize.TestExtractKeywords" name="test_score_ordering_top_phrase_first" time="0.000" /><testcase classname="tests.workers.test_summarize.TestExtractKeywords" name="test_lowercases_output" time="0.000" /><testcase classname="tests.workers.test_summarize.TestExtractKeywords" name="test_max_keywords_caps_output" time="0.000" /><testcase classname="tests.workers.test_summarize.TestExtractKeywords" name="test_max_keywords_zero_returns_empty" time="0.000" /><testcase classname="tests.workers.test_summarize.TestExtractKeywords" name="test_min_phrase_words_filters_short" time="0.000" /><testcase classname="tests.workers.test_summarize.TestExtractKeywords" name="test_max_phrase_words_filters_long" time="0.000" /><testcase classname="tests.workers.test_summarize.TestExtractKeywords" name="test_invalid_min_phrase_words_raises" time="0.000" /><testcase classname="tests.workers.test_summarize.TestExtractKeywords" name="test_invalid_max_phrase_words_raises" time="0.000" /><testcase classname="tests.workers.test_summarize.TestExtractKeywords" name="test_invalid_max_keywords_raises" time="0.000" /><testcase classname="tests.workers.test_summarize.TestExtractKeywords" name="test_deterministic_output" time="0.000" /><testcase classname="tests.workers.test_summarize.TestExtractKeywords" name="test_dedupes_by_surface_form" time="0.000" /><testcase classname="tests.workers.test_summarize.TestExtractKeywords" name="test_strips_pure_digit_tokens" time="0.000" /><testcase classname="tests.workers.test_summarize.TestCandidatePhrases" name="test_sentence_boundary_breaks_phrase" time="0.000" /><testcase classname="tests.workers.test_summarize.TestCandidatePhrases" name="test_stopword_breaks_phrase" time="0.000" /><testcase classname="tests.workers.test_summarize.TestCandidatePhrases" name="test_min_words_filter" time="0.000" /><testcase classname="tests.workers.test_summarize.TestCandidatePhrases" name="test_max_words_filter" time="0.000" /><testcase classname="tests.workers.test_summarize.TestRakeLemmaHandlerPure" name="test_name_and_metadata" time="0.000" /><testcase classname="tests.workers.test_summarize.TestRakeLemmaHandlerPure" name="test_custom_model_name" time="0.000" /><testcase classname="tests.workers.test_summarize.TestRakeLemmaHandlerPure" name="test_process_returns_joined_keywords" time="0.000" /><testcase classname="tests.workers.test_summarize.TestRakeLemmaHandlerPure" name="test_process_empty_text_returns_empty" time="0.000" /><testcase classname="tests.workers.test_summarize.TestRakeLemmaHandlerPure" name="test_process_honours_max_keywords" time="0.002" /></testsuite></testsuites>